\BOOKMARK [1][-]{section.1}{\376\377\000W\000s\000t\001\031\000p}{}% 1
\BOOKMARK [2][-]{subsection.1.1}{\376\377\000M\000o\000t\000y\000w\000a\000c\000j\000a}{section.1}% 2
\BOOKMARK [2][-]{subsection.1.2}{\376\377\000C\000e\000l\000\040\000p\000r\000a\000c\000y\000\040\000o\000r\000a\000z\000\040\000w\000p\000r\000o\000w\000a\000d\000z\000e\000n\000i\000e}{section.1}% 3
\BOOKMARK [2][-]{subsection.1.3}{\376\377\000S\000t\000r\000u\000k\000t\000u\000r\000a\000\040\000p\000r\000a\000c\000y}{section.1}% 4
\BOOKMARK [1][-]{section.2}{\376\377\000I\000s\000t\000n\000i\000e\000j\001\005\000c\000e\000\040\000m\000e\000t\000o\000d\000y\000\040\000p\000a\000r\000t\000y\000c\000j\000o\000n\000o\000w\000a\000n\000i\000a\000\040\000g\000r\000a\000f\000\363\000w}{}% 5
\BOOKMARK [2][-]{subsection.2.1}{\376\377\000M\000e\000t\000o\000d\000y\000\040\000s\000p\000e\000k\000t\000r\000a\000l\000n\000e}{section.2}% 6
\BOOKMARK [2][-]{subsection.2.2}{\376\377\000M\000e\000t\000o\000d\000y\000\040\000r\000e\000k\000u\000r\000s\000y\000w\000n\000e}{section.2}% 7
\BOOKMARK [2][-]{subsection.2.3}{\376\377\000M\000e\000t\000o\000d\000y\000\040\000g\000e\000o\000m\000e\000t\000r\000y\000c\000z\000n\000e}{section.2}% 8
\BOOKMARK [2][-]{subsection.2.4}{\376\377\000M\000e\000t\000o\000d\000y\000\040\000w\000i\000e\000l\000o\000p\000o\000z\000i\000o\000m\000o\000w\000e}{section.2}% 9
\BOOKMARK [2][-]{subsection.2.5}{\376\377\000P\000o\000r\000\363\000w\000n\000a\000n\000i\000e\000\040\000i\000s\000t\000n\000i\000e\000j\001\005\000c\000y\000c\000h\000\040\000m\000e\000t\000o\000d\000\040\000w\000i\000e\000l\000o\000p\000o\000z\000i\000o\000m\000o\000w\000y\000c\000h}{section.2}% 10
\BOOKMARK [1][-]{section.3}{\376\377\000O\000p\000i\000s\000\040\000a\000l\000g\000o\000r\000y\000t\000m\000u}{}% 11
\BOOKMARK [2][-]{subsection.3.1}{\376\377\000P\000o\000d\000z\000i\000a\001\102\000\040\000s\000i\000a\000t\000k\000i\000\040\000n\000a\000\040\000m\000\040\000k\000\040\000o\000b\000s\000z\000a\000r\000\363\000w}{section.3}% 12
\BOOKMARK [3][-]{subsubsection.3.1.1}{\376\377\000K\000o\000n\000w\000e\000r\000s\000j\000a\000\040\000p\000l\000i\000k\000u\000\040\000g\000r\000a\000f\000i\000c\000z\000n\000e\000g\000o\000\040\000n\000a\000\040\000g\000r\000a\000f\000\040\000i\000\040\000r\000e\000d\000u\000k\000c\000j\000a\000\040\000o\000b\000s\000z\000a\000r\000\363\000w\000\040\000n\000i\000e\000p\000o\000d\000z\000i\000e\000l\000n\000y\000c\000h}{subsection.3.1}% 13
\BOOKMARK [3][-]{subsubsection.3.1.2}{\376\377\000Z\000m\000n\000i\000e\000j\000s\000z\000a\000n\000i\000e\000\040\000i\000\040\000p\000a\000r\000t\000y\000c\000j\000o\000n\000o\000w\000a\000n\000i\000e\000\040\000g\000r\000a\000f\000u\000\040\000z\000a\000\040\000p\000o\000m\000o\000c\001\005\000\040\000a\000l\000g\000o\000r\000y\000t\000m\000u\000\040\000L\000A\000M}{subsection.3.1}% 14
\BOOKMARK [3][-]{subsubsection.3.1.3}{\376\377\000S\000z\000c\000z\000e\000g\000\363\001\102\000y\000\040\000m\000o\000d\000y\000f\000i\000k\000a\000c\000j\000i\000\040\000a\000l\000g\000o\000r\000y\000t\000m\000u\000\040\000L\000A\000M}{subsection.3.1}% 15
\BOOKMARK [3][-]{subsubsection.3.1.4}{\376\377\000P\000r\000z\000y\000w\000r\000a\000c\000a\000n\000i\000e\000\040\000g\000r\000a\000f\000u\000\040\000d\000o\000\040\000p\000o\000c\000z\001\005\000t\000k\000o\000w\000e\000g\000o\000\040\000r\000o\000z\000m\000i\000a\000r\000u\000\040\000w\000r\000a\000z\000\040\000z\000\040\000u\000l\000e\000p\000s\000z\000e\000n\000i\000e\000m\000\040\000p\000o\000d\000z\000i\000a\001\102\000u}{subsection.3.1}% 16
\BOOKMARK [3][-]{subsubsection.3.1.5}{\376\377\000U\001\174\000y\000w\000a\000n\000i\000e\000\040\000H\000e\000l\000p\000f\000u\000l\000\040\000S\000e\000t\000s\000\040\000w\000\040\000c\000e\000l\000u\000\040\000z\000m\000n\000i\000e\000j\000s\000z\000e\000n\000i\000a\000\040\000d\001\102\000u\000g\000o\001\133\000c\000i\000\040\000g\000r\000a\000n\000i\000c}{subsection.3.1}% 17
\BOOKMARK [3][-]{subsubsection.3.1.6}{\376\377\000S\000z\000c\000z\000e\000g\000\363\001\102\000y\000\040\000b\000u\000d\000o\000w\000a\000n\000i\000a\000\040\000z\000b\000i\000o\000r\000u\000\040\000h\000e\000l\000p\000f\000u\000l}{subsection.3.1}% 18
\BOOKMARK [3][-]{subsubsection.3.1.7}{\376\377\000S\000z\000u\000k\000a\000n\000i\000e\000\040\000z\000b\000i\000o\000r\000u\000\040\000k\000-\000h\000e\000l\000p\000f\000u\000l\000\040\000g\000d\000z\000i\000e\000\040\000k\000\040\000l\000i\000m\000i\000t}{subsection.3.1}% 19
\BOOKMARK [3][-]{subsubsection.3.1.8}{\376\377\000S\000z\000c\000z\000e\000g\000\363\001\102\000y\000\040\000b\000u\000d\000o\000w\000a\000n\000i\000a\000\040\000z\000b\000i\000o\000r\000u\000\040\000b\000a\000l\000a\000n\000c\000i\000n\000g}{subsection.3.1}% 20
\BOOKMARK [3][-]{subsubsection.3.1.9}{\376\377\000B\000a\000l\000a\000n\000s\000o\000w\000a\000n\000i\000e\000\040\000r\000o\000z\000m\000i\000a\000r\000\363\000w\000\040\000o\000b\000s\000z\000a\000r\000\363\000w}{subsection.3.1}% 21
\BOOKMARK [3][-]{subsubsection.3.1.10}{\376\377\000U\000s\000u\000w\000a\000n\000i\000e\000\040\000o\000b\000s\000z\000a\000r\000\363\000w\000\040\000r\000o\000z\000p\000r\000o\000s\000z\000o\000n\000y\000c\000h}{subsection.3.1}% 22
\BOOKMARK [2][-]{subsection.3.2}{\376\377\000P\000o\000d\000z\000i\000a\001\102\000\040\000s\000i\000a\000t\000k\000i\000\040\000n\000a\000\040\000m\000\040\000o\000b\000s\000z\000a\000r\000\363\000w}{section.3}% 23
\BOOKMARK [1][-]{section.4}{\376\377\000W\000y\000n\000i\000k\000i}{}% 24
\BOOKMARK [2][-]{subsection.4.1}{\376\377\000W\000y\000n\000i\000k\000i\000\040\000d\000l\000a\000\040\000p\000o\000d\000z\000i\000a\001\102\000u\000\040\000n\000a\000\040\000m\000\040\000k\000\040\000o\000b\000s\000z\000a\000r\000\363\000w}{section.4}% 25
\BOOKMARK [3][-]{subsubsection.4.1.1}{\376\377\000W\000y\000n\000i\000k\000i\000\040\000d\000l\000a\000\040\000p\000o\000d\000z\000i\000a\001\102\000u\000\040\000s\000i\000a\000t\000e\000k\000\040\000b\000e\000z\000\040\000o\000b\000s\000z\000a\000r\000\363\000w\000\040\000n\000i\000e\000p\000o\000d\000z\000i\000e\000l\000n\000y\000c\000h\000\040\000i\000\040\000w\000y\001\102\001\005\000c\000z\000o\000n\000y\000c\000h\000\040\000z\000\040\000o\000b\000l\000i\000c\000z\000e\001\104}{subsection.4.1}% 26
\BOOKMARK [3][-]{subsubsection.4.1.2}{\376\377\000W\000y\000n\000i\000k\000i\000\040\000d\000l\000a\000\040\000p\000o\000d\000z\000i\000a\001\102\000u\000\040\000s\000i\000a\000t\000e\000k\000\040\000z\000\040\000o\000b\000s\000z\000a\000r\000a\000m\000i\000\040\000n\000i\000e\000p\000o\000d\000z\000i\000e\000l\000n\000y\000m\000i\000\040\000i\000\040\000w\000y\001\102\001\005\000c\000z\000o\000n\000y\000m\000i\000\040\000z\000\040\000o\000b\000l\000i\000c\000z\000e\001\104}{subsection.4.1}% 27
\BOOKMARK [2][-]{subsection.4.2}{\376\377\000W\000y\000n\000i\000k\000i\000\040\000d\000l\000a\000\040\000p\000o\000d\000z\000i\000a\001\102\000u\000\040\000n\000a\000\040\000m\000\040\000o\000b\000s\000z\000a\000r\000\363\000w}{section.4}% 28
