This is pdfTeX, Version 3.141592653-2.6-1.40.22 (TeX Live 2021) (preloaded format=pdflatex 2021.7.5)  17 JUL 2021 12:41
entering extended mode
 restricted \write18 enabled.
 file:line:error style messages enabled.
 %&-line parsing enabled.
**main.tex
(./main.tex
LaTeX2e <2020-10-01> patch level 4
L3 programming layer <2021-02-18> (./input/preamble.tex (./input/aghthesis.cls

LaTeX Warning: You have requested document class `input/aghthesis',
               but the document class provides `aghthesis'.

Document Class: aghthesis 
(/usr/local/texlive/2021/texmf-dist/tex/latex/base/article.cls
Document Class: article 2020/04/10 v1.4m Standard LaTeX document class
(/usr/local/texlive/2021/texmf-dist/tex/latex/base/size12.clo
File: size12.clo 2020/04/10 v1.4m Standard LaTeX file (size option)
)
\c@part=\count179
\c@section=\count180
\c@subsection=\count181
\c@subsubsection=\count182
\c@paragraph=\count183
\c@subparagraph=\count184
\c@figure=\count185
\c@table=\count186
\abovecaptionskip=\skip47
\belowcaptionskip=\skip48
\bibindent=\dimen138
)
(/usr/local/texlive/2021/texmf-dist/tex/latex/setspace/setspace.sty
Package: setspace 2011/12/19 v6.7a set line spacing
)
(/usr/local/texlive/2021/texmf-dist/tex/latex/psnfss/times.sty
Package: times 2020/03/25 PSNFSS-v9.3 (SPQR) 
)
(/usr/local/texlive/2021/texmf-dist/tex/latex/base/fontenc.sty
Package: fontenc 2020/08/10 v2.0s Standard LaTeX package
LaTeX Font Info:    Trying to load font information for T1+ptm on input line 11
2.

(/usr/local/texlive/2021/texmf-dist/tex/latex/psnfss/t1ptm.fd
File: t1ptm.fd 2001/06/04 font definitions for T1/ptm.
))
(/usr/local/texlive/2021/texmf-dist/tex/latex/graphics/graphicx.sty
Package: graphicx 2020/09/09 v1.2b Enhanced LaTeX Graphics (DPC,SPQR)

(/usr/local/texlive/2021/texmf-dist/tex/latex/graphics/keyval.sty
Package: keyval 2014/10/28 v1.15 key=value parser (DPC)
\KV@toks@=\toks15
)
(/usr/local/texlive/2021/texmf-dist/tex/latex/graphics/graphics.sty
Package: graphics 2020/08/30 v1.4c Standard LaTeX Graphics (DPC,SPQR)

(/usr/local/texlive/2021/texmf-dist/tex/latex/graphics/trig.sty
Package: trig 2016/01/03 v1.10 sin cos tan (DPC)
)
(/usr/local/texlive/2021/texmf-dist/tex/latex/graphics-cfg/graphics.cfg
File: graphics.cfg 2016/06/04 v1.11 sample graphics configuration
)
Package graphics Info: Driver file: pdftex.def on input line 105.

(/usr/local/texlive/2021/texmf-dist/tex/latex/graphics-def/pdftex.def
File: pdftex.def 2020/10/05 v1.2a Graphics/color driver for pdftex
))
\Gin@req@height=\dimen139
\Gin@req@width=\dimen140
)
(/usr/local/texlive/2021/texmf-dist/tex/latex/geometry/geometry.sty
Package: geometry 2020/01/02 v5.9 Page Geometry

(/usr/local/texlive/2021/texmf-dist/tex/generic/iftex/ifvtex.sty
Package: ifvtex 2019/10/25 v1.7 ifvtex legacy package. Use iftex instead.

(/usr/local/texlive/2021/texmf-dist/tex/generic/iftex/iftex.sty
Package: iftex 2020/03/06 v1.0d TeX engine tests
))
\Gm@cnth=\count187
\Gm@cntv=\count188
\c@Gm@tempcnt=\count189
\Gm@bindingoffset=\dimen141
\Gm@wd@mp=\dimen142
\Gm@odd@mp=\dimen143
\Gm@even@mp=\dimen144
\Gm@layoutwidth=\dimen145
\Gm@layoutheight=\dimen146
\Gm@layouthoffset=\dimen147
\Gm@layoutvoffset=\dimen148
\Gm@dimlist=\toks16
)
(/usr/local/texlive/2021/texmf-dist/tex/latex/graphics/color.sty
Package: color 2020/02/24 v1.2b Standard LaTeX Color (DPC)

(/usr/local/texlive/2021/texmf-dist/tex/latex/graphics-cfg/color.cfg
File: color.cfg 2016/01/02 v1.6 sample color configuration
)
Package color Info: Driver file: pdftex.def on input line 147.
)
(/usr/local/texlive/2021/texmf-dist/tex/latex/fancyhdr/fancyhdr.sty
Package: fancyhdr 2021/01/28 v4.0.1 Extensive control of page headers and foote
rs
\f@nch@headwidth=\skip49
\f@nch@O@elh=\skip50
\f@nch@O@erh=\skip51
\f@nch@O@olh=\skip52
\f@nch@O@orh=\skip53
\f@nch@O@elf=\skip54
\f@nch@O@erf=\skip55
\f@nch@O@olf=\skip56
\f@nch@O@orf=\skip57
)
(/usr/local/texlive/2021/texmf-dist/tex/latex/titlesec/titlesec.sty
Package: titlesec 2019/10/16 v2.13 Sectioning titles
\ttl@box=\box47
\beforetitleunit=\skip58
\aftertitleunit=\skip59
\ttl@plus=\dimen149
\ttl@minus=\dimen150
\ttl@toksa=\toks17
\titlewidth=\dimen151
\titlewidthlast=\dimen152
\titlewidthfirst=\dimen153
)
(/usr/local/texlive/2021/texmf-dist/tex/generic/babel/babel.sty
Package: babel 2021/03/24 3.56 The Babel package

(/usr/local/texlive/2021/texmf-dist/tex/generic/babel/babel.def
File: babel.def 2021/03/24 3.56 Babel common definitions
\babel@savecnt=\count190
\U@D=\dimen154
\l@babelnohyphens=\language87

(/usr/local/texlive/2021/texmf-dist/tex/generic/babel/txtbabel.def)
\bbl@readstream=\read2
)
\bbl@dirlevel=\count191

(/usr/local/texlive/2021/texmf-dist/tex/generic/babel-polish/polish.ldf
Language: polish 2005/03/31 v1.2l Polish support from the babel system
Package babel Info: Making " an active character on input line 83.
\pl@left=\dimen155
\pl@down=\dimen156
\pl@right=\dimen157
\pl@temp=\dimen158
)))
(/usr/local/texlive/2021/texmf-dist/tex/latex/wasysym/wasysym.sty
Package: wasysym 2020/01/19 v2.4 Wasy-2 symbol support package
\symwasy=\mathgroup4
LaTeX Font Info:    Overwriting symbol font `wasy' in version `bold'
(Font)                  U/wasy/m/n --> U/wasy/b/n on input line 93.
)
(/usr/local/texlive/2021/texmf-dist/tex/latex/base/textcomp.sty
Package: textcomp 2020/02/02 v2.0n Standard LaTeX package
)
(/usr/local/texlive/2021/texmf-dist/tex/latex/base/inputenc.sty
Package: inputenc 2020/08/01 v1.3d Input encoding file
\inpenc@prehook=\toks18
\inpenc@posthook=\toks19
)
(/usr/local/texlive/2021/texmf-dist/tex/latex/base/fontenc.sty
Package: fontenc 2020/08/10 v2.0s Standard LaTeX package
)
(/usr/local/texlive/2021/texmf-dist/tex/latex/polski/polski.sty
Package: polski 2017/05/04 v1.3.4 Polish language package

   Inputenc package detected. Catcodes not changed.
) (/usr/local/texlive/2021/texmf-dist/tex/latex/listings/listings.sty
\lst@mode=\count192
\lst@gtempboxa=\box48
\lst@token=\toks20
\lst@length=\count193
\lst@currlwidth=\dimen159
\lst@column=\count194
\lst@pos=\count195
\lst@lostspace=\dimen160
\lst@width=\dimen161
\lst@newlines=\count196
\lst@lineno=\count197
\lst@maxwidth=\dimen162

(/usr/local/texlive/2021/texmf-dist/tex/latex/listings/lstmisc.sty
File: lstmisc.sty 2020/03/24 1.8d (Carsten Heinz)
\c@lstnumber=\count198
\lst@skipnumbers=\count199
\lst@framebox=\box49
)
(/usr/local/texlive/2021/texmf-dist/tex/latex/listings/listings.cfg
File: listings.cfg 2020/03/24 1.8d listings configuration
))
Package: listings 2020/03/24 1.8d (Carsten Heinz)

(/usr/local/texlive/2021/texmf-dist/tex/latex/xcolor/xcolor.sty
Package: xcolor 2016/05/11 v2.12 LaTeX color extensions (UK)

(/usr/local/texlive/2021/texmf-dist/tex/latex/graphics-cfg/color.cfg
File: color.cfg 2016/01/02 v1.6 sample color configuration
)
Package xcolor Info: Driver file: pdftex.def on input line 225.
LaTeX Info: Redefining \color on input line 709.
Package xcolor Info: Model `cmy' substituted by `cmy0' on input line 1348.
Package xcolor Info: Model `hsb' substituted by `rgb' on input line 1352.
Package xcolor Info: Model `RGB' extended on input line 1364.
Package xcolor Info: Model `HTML' substituted by `rgb' on input line 1366.
Package xcolor Info: Model `Hsb' substituted by `hsb' on input line 1367.
Package xcolor Info: Model `tHsb' substituted by `hsb' on input line 1368.
Package xcolor Info: Model `HSB' substituted by `hsb' on input line 1369.
Package xcolor Info: Model `Gray' substituted by `gray' on input line 1370.
Package xcolor Info: Model `wave' substituted by `hsb' on input line 1371.
)
(/usr/local/texlive/2021/texmf-dist/tex/latex/pdflscape/pdflscape.sty
Package: pdflscape 2019/12/05 v0.12 Display of landscape pages in PDF (HO)

(/usr/local/texlive/2021/texmf-dist/tex/latex/graphics/lscape.sty
Package: lscape 2020/05/28 v3.02 Landscape Pages (DPC)
)
Package pdflscape Info: Auto-detected driver: pdftex on input line 81.
)
(/usr/local/texlive/2021/texmf-dist/tex/latex/lm/lmodern.sty
Package: lmodern 2015/05/01 v1.6.1 Latin Modern Fonts
LaTeX Font Info:    Overwriting symbol font `operators' in version `normal'
(Font)                  OT1/cmr/m/n --> OT1/lmr/m/n on input line 22.
LaTeX Font Info:    Overwriting symbol font `letters' in version `normal'
(Font)                  OML/cmm/m/it --> OML/lmm/m/it on input line 23.
LaTeX Font Info:    Overwriting symbol font `symbols' in version `normal'
(Font)                  OMS/cmsy/m/n --> OMS/lmsy/m/n on input line 24.
LaTeX Font Info:    Overwriting symbol font `largesymbols' in version `normal'
(Font)                  OMX/cmex/m/n --> OMX/lmex/m/n on input line 25.
LaTeX Font Info:    Overwriting symbol font `operators' in version `bold'
(Font)                  OT1/cmr/bx/n --> OT1/lmr/bx/n on input line 26.
LaTeX Font Info:    Overwriting symbol font `letters' in version `bold'
(Font)                  OML/cmm/b/it --> OML/lmm/b/it on input line 27.
LaTeX Font Info:    Overwriting symbol font `symbols' in version `bold'
(Font)                  OMS/cmsy/b/n --> OMS/lmsy/b/n on input line 28.
LaTeX Font Info:    Overwriting symbol font `largesymbols' in version `bold'
(Font)                  OMX/cmex/m/n --> OMX/lmex/m/n on input line 29.
LaTeX Font Info:    Overwriting math alphabet `\mathbf' in version `normal'
(Font)                  OT1/cmr/bx/n --> OT1/lmr/bx/n on input line 31.
LaTeX Font Info:    Overwriting math alphabet `\mathsf' in version `normal'
(Font)                  OT1/cmss/m/n --> OT1/lmss/m/n on input line 32.
LaTeX Font Info:    Overwriting math alphabet `\mathit' in version `normal'
(Font)                  OT1/cmr/m/it --> OT1/lmr/m/it on input line 33.
LaTeX Font Info:    Overwriting math alphabet `\mathtt' in version `normal'
(Font)                  OT1/cmtt/m/n --> OT1/lmtt/m/n on input line 34.
LaTeX Font Info:    Overwriting math alphabet `\mathbf' in version `bold'
(Font)                  OT1/cmr/bx/n --> OT1/lmr/bx/n on input line 35.
LaTeX Font Info:    Overwriting math alphabet `\mathsf' in version `bold'
(Font)                  OT1/cmss/bx/n --> OT1/lmss/bx/n on input line 36.
LaTeX Font Info:    Overwriting math alphabet `\mathit' in version `bold'
(Font)                  OT1/cmr/bx/it --> OT1/lmr/bx/it on input line 37.
LaTeX Font Info:    Overwriting math alphabet `\mathtt' in version `bold'
(Font)                  OT1/cmtt/m/n --> OT1/lmtt/m/n on input line 38.
)
(/usr/local/texlive/2021/texmf-dist/tex/latex/hyperref/hyperref.sty
Package: hyperref 2021-02-27 v7.00k Hypertext links for LaTeX

(/usr/local/texlive/2021/texmf-dist/tex/generic/ltxcmds/ltxcmds.sty
Package: ltxcmds 2020-05-10 v1.25 LaTeX kernel commands for general use (HO)
)
(/usr/local/texlive/2021/texmf-dist/tex/generic/pdftexcmds/pdftexcmds.sty
Package: pdftexcmds 2020-06-27 v0.33 Utility functions of pdfTeX for LuaTeX (HO
)

(/usr/local/texlive/2021/texmf-dist/tex/generic/infwarerr/infwarerr.sty
Package: infwarerr 2019/12/03 v1.5 Providing info/warning/error messages (HO)
)
Package pdftexcmds Info: \pdf@primitive is available.
Package pdftexcmds Info: \pdf@ifprimitive is available.
Package pdftexcmds Info: \pdfdraftmode found.
)
(/usr/local/texlive/2021/texmf-dist/tex/generic/kvsetkeys/kvsetkeys.sty
Package: kvsetkeys 2019/12/15 v1.18 Key value parser (HO)
)
(/usr/local/texlive/2021/texmf-dist/tex/generic/kvdefinekeys/kvdefinekeys.sty
Package: kvdefinekeys 2019-12-19 v1.6 Define keys (HO)
)
(/usr/local/texlive/2021/texmf-dist/tex/generic/pdfescape/pdfescape.sty
Package: pdfescape 2019/12/09 v1.15 Implements pdfTeX's escape features (HO)
)
(/usr/local/texlive/2021/texmf-dist/tex/latex/hycolor/hycolor.sty
Package: hycolor 2020-01-27 v1.10 Color options for hyperref/bookmark (HO)
)
(/usr/local/texlive/2021/texmf-dist/tex/latex/letltxmacro/letltxmacro.sty
Package: letltxmacro 2019/12/03 v1.6 Let assignment for LaTeX macros (HO)
)
(/usr/local/texlive/2021/texmf-dist/tex/latex/auxhook/auxhook.sty
Package: auxhook 2019-12-17 v1.6 Hooks for auxiliary files (HO)
)
(/usr/local/texlive/2021/texmf-dist/tex/latex/kvoptions/kvoptions.sty
Package: kvoptions 2020-10-07 v3.14 Key value format for package options (HO)
)
\@linkdim=\dimen163
\Hy@linkcounter=\count266
\Hy@pagecounter=\count267

(/usr/local/texlive/2021/texmf-dist/tex/latex/hyperref/pd1enc.def
File: pd1enc.def 2021-02-27 v7.00k Hyperref: PDFDocEncoding definition (HO)
Now handling font encoding PD1 ...
... no UTF-8 mapping file for font encoding PD1
)
(/usr/local/texlive/2021/texmf-dist/tex/latex/hyperref/hyperref-langpatches.def
File: hyperref-langpatches.def 2021-02-27 v7.00k Hyperref: patches for babel la
nguages
) (/usr/local/texlive/2021/texmf-dist/tex/generic/intcalc/intcalc.sty
Package: intcalc 2019/12/15 v1.3 Expandable calculations with integers (HO)
)
(/usr/local/texlive/2021/texmf-dist/tex/generic/etexcmds/etexcmds.sty
Package: etexcmds 2019/12/15 v1.7 Avoid name clashes with e-TeX commands (HO)
)
\Hy@SavedSpaceFactor=\count268

(/usr/local/texlive/2021/texmf-dist/tex/latex/hyperref/puenc.def
File: puenc.def 2021-02-27 v7.00k Hyperref: PDF Unicode definition (HO)
Now handling font encoding PU ...
... no UTF-8 mapping file for font encoding PU
)
Package hyperref Info: Hyper figures OFF on input line 4192.
Package hyperref Info: Link nesting OFF on input line 4197.
Package hyperref Info: Hyper index ON on input line 4200.
Package hyperref Info: Plain pages OFF on input line 4207.
Package hyperref Info: Backreferencing OFF on input line 4212.
Package hyperref Info: Implicit mode ON; LaTeX internals redefined.
Package hyperref Info: Bookmarks ON on input line 4445.
\c@Hy@tempcnt=\count269

(/usr/local/texlive/2021/texmf-dist/tex/latex/url/url.sty
\Urlmuskip=\muskip16
Package: url 2013/09/16  ver 3.4  Verb mode for urls, etc.
)
LaTeX Info: Redefining \url on input line 4804.
\XeTeXLinkMargin=\dimen164

(/usr/local/texlive/2021/texmf-dist/tex/generic/bitset/bitset.sty
Package: bitset 2019/12/09 v1.3 Handle bit-vector datatype (HO)

(/usr/local/texlive/2021/texmf-dist/tex/generic/bigintcalc/bigintcalc.sty
Package: bigintcalc 2019/12/15 v1.5 Expandable calculations on big integers (HO
)
))
\Fld@menulength=\count270
\Field@Width=\dimen165
\Fld@charsize=\dimen166
Package hyperref Info: Hyper figures OFF on input line 6075.
Package hyperref Info: Link nesting OFF on input line 6080.
Package hyperref Info: Hyper index ON on input line 6083.
Package hyperref Info: backreferencing OFF on input line 6090.
Package hyperref Info: Link coloring OFF on input line 6095.
Package hyperref Info: Link coloring with OCG OFF on input line 6100.
Package hyperref Info: PDF/A mode OFF on input line 6105.
LaTeX Info: Redefining \ref on input line 6145.
LaTeX Info: Redefining \pageref on input line 6149.

(/usr/local/texlive/2021/texmf-dist/tex/latex/base/atbegshi-ltx.sty
Package: atbegshi-ltx 2020/08/17 v1.0a Emulation of the original atbegshi packa
ge
with kernel methods
)
\Hy@abspage=\count271
\c@Item=\count272
\c@Hfootnote=\count273
)
Package hyperref Info: Driver (autodetected): hpdftex.

(/usr/local/texlive/2021/texmf-dist/tex/latex/hyperref/hpdftex.def
File: hpdftex.def 2021-02-27 v7.00k Hyperref driver for pdfTeX

(/usr/local/texlive/2021/texmf-dist/tex/latex/base/atveryend-ltx.sty
Package: atveryend-ltx 2020/08/19 v1.0a Emulation of the original atvery packag
e
with kernel methods
)
\Fld@listcount=\count274
\c@bookmark@seq@number=\count275

(/usr/local/texlive/2021/texmf-dist/tex/latex/rerunfilecheck/rerunfilecheck.sty
Package: rerunfilecheck 2019/12/05 v1.9 Rerun checks for auxiliary files (HO)

(/usr/local/texlive/2021/texmf-dist/tex/generic/uniquecounter/uniquecounter.sty
Package: uniquecounter 2019/12/15 v1.4 Provide unlimited unique counter (HO)
)
Package uniquecounter Info: New unique counter `rerunfilecheck' on input line 2
86.
)
\Hy@SectionHShift=\skip60
) (/usr/local/texlive/2021/texmf-dist/tex/latex/appendix/appendix.sty
Package: appendix 2020/02/08 v1.2c extra appendix facilities
\c@@pps=\count276
\c@@ppsavesec=\count277
\c@@ppsaveapp=\count278
)
(/usr/local/texlive/2021/texmf-dist/tex/latex/tools/calc.sty
Package: calc 2017/05/25 v4.3 Infix arithmetic (KKT,FJ)
\calc@Acount=\count279
\calc@Bcount=\count280
\calc@Adimen=\dimen167
\calc@Bdimen=\dimen168
\calc@Askip=\skip61
\calc@Bskip=\skip62
LaTeX Info: Redefining \setlength on input line 80.
LaTeX Info: Redefining \addtolength on input line 81.
\calc@Ccount=\count281
\calc@Cskip=\skip63
)
(/usr/local/texlive/2021/texmf-dist/tex/latex/fp/fp.sty
Package: fp 1995/04/02

`Fixed Point Package', Version 0.8, April 2, 1995 (C) Michael Mehlich
(/usr/local/texlive/2021/texmf-dist/tex/latex/fp/defpattern.sty
Package: defpattern 1994/10/12
\actioncount=\count282
)
(/usr/local/texlive/2021/texmf-dist/tex/latex/fp/fp-basic.sty
Package: fp-basic 1996/05/13
\FP@xs=\count283
\FP@xia=\count284
\FP@xib=\count285
\FP@xfa=\count286
\FP@xfb=\count287
\FP@rega=\count288
\FP@regb=\count289
\FP@regs=\count290
\FP@times=\count291
)
(/usr/local/texlive/2021/texmf-dist/tex/latex/fp/fp-addons.sty
Package: fp-addons 1995/03/15
)
(/usr/local/texlive/2021/texmf-dist/tex/latex/fp/fp-snap.sty
Package: fp-snap 1995/04/05
)
(/usr/local/texlive/2021/texmf-dist/tex/latex/fp/fp-exp.sty
Package: fp-exp 1995/04/03
)
(/usr/local/texlive/2021/texmf-dist/tex/latex/fp/fp-trigo.sty
Package: fp-trigo 1995/04/14
)
(/usr/local/texlive/2021/texmf-dist/tex/latex/fp/fp-pas.sty
Package: fp-pas 1994/08/29
)
(/usr/local/texlive/2021/texmf-dist/tex/latex/fp/fp-random.sty
Package: fp-random 1995/02/23
\FPseed=\count292
)
(/usr/local/texlive/2021/texmf-dist/tex/latex/fp/fp-eqn.sty
Package: fp-eqn 1995/04/03
)
(/usr/local/texlive/2021/texmf-dist/tex/latex/fp/fp-upn.sty
Package: fp-upn 1996/10/21
)
(/usr/local/texlive/2021/texmf-dist/tex/latex/fp/fp-eval.sty
Package: fp-eval 1995/04/03
))
(/usr/local/texlive/2021/texmf-dist/tex/generic/dirtree/dirtree.sty
Package: dirtree 2012/12/11 v0.32 package wrapper for dirtree

(/usr/local/texlive/2021/texmf-dist/tex/generic/dirtree/dirtree.tex
`dirtree' v0.32, 2012/12/11 (jcc)
\DT@offset=\dimen169
\DT@width=\dimen170
\DT@sep=\dimen171
\DT@all=\dimen172
\DT@rulewidth=\dimen173
\DT@dotwidth=\dimen174
\DTbaselineskip=\dimen175
\DT@counti=\count293
\DT@countii=\count294
\DT@countiii=\count295
\DT@countiv=\count296
\DT@indent=\dimen176
\DT@parskip=\dimen177
\DT@baselineskip=\dimen178
)
File: dirtree.tex 2012/12/11 v0.32 `dirtree' (jcc)
)
(/usr/local/texlive/2021/texmf-dist/tex/latex/amsmath/amsmath.sty
Package: amsmath 2020/09/23 v2.17i AMS math features
\@mathmargin=\skip64

For additional information on amsmath, use the `?' option.
(/usr/local/texlive/2021/texmf-dist/tex/latex/amsmath/amstext.sty
Package: amstext 2000/06/29 v2.01 AMS text

(/usr/local/texlive/2021/texmf-dist/tex/latex/amsmath/amsgen.sty
File: amsgen.sty 1999/11/30 v2.0 generic functions
\@emptytoks=\toks21
\ex@=\dimen179
))
(/usr/local/texlive/2021/texmf-dist/tex/latex/amsmath/amsbsy.sty
Package: amsbsy 1999/11/29 v1.2d Bold Symbols
\pmbraise@=\dimen180
)
(/usr/local/texlive/2021/texmf-dist/tex/latex/amsmath/amsopn.sty
Package: amsopn 2016/03/08 v2.02 operator names
)
\inf@bad=\count297
LaTeX Info: Redefining \frac on input line 234.
\uproot@=\count298
\leftroot@=\count299
LaTeX Info: Redefining \overline on input line 399.
\classnum@=\count300
\DOTSCASE@=\count301
LaTeX Info: Redefining \ldots on input line 496.
LaTeX Info: Redefining \dots on input line 499.
LaTeX Info: Redefining \cdots on input line 620.


/usr/local/texlive/2021/texmf-dist/tex/latex/amsmath/amsmath.sty:659: LaTeX Err
or: Command \iint already defined.
               Or name \end... illegal, see p.192 of the manual.

See the LaTeX manual or LaTeX Companion for explanation.
Type  H <return>  for immediate help.
 ...                                              
                                                  
l.659 ...d{\iint}{\DOTSI\protect\MultiIntegral{2}}
                                                  
Your command was ignored.
Type  I <command> <return>  to replace it with another command,
or  <return>  to continue without it.


/usr/local/texlive/2021/texmf-dist/tex/latex/amsmath/amsmath.sty:660: LaTeX Err
or: Command \iiint already defined.
               Or name \end... illegal, see p.192 of the manual.

See the LaTeX manual or LaTeX Companion for explanation.
Type  H <return>  for immediate help.
 ...                                              
                                                  
l.660 ...{\iiint}{\DOTSI\protect\MultiIntegral{3}}
                                                  
Your command was ignored.
Type  I <command> <return>  to replace it with another command,
or  <return>  to continue without it.

\Mathstrutbox@=\box50
\strutbox@=\box51
\big@size=\dimen181
LaTeX Font Info:    Redeclaring font encoding OML on input line 743.
LaTeX Font Info:    Redeclaring font encoding OMS on input line 744.
\macc@depth=\count302
\c@MaxMatrixCols=\count303
\dotsspace@=\muskip17
\c@parentequation=\count304
\dspbrk@lvl=\count305
\tag@help=\toks22
\row@=\count306
\column@=\count307
\maxfields@=\count308
\andhelp@=\toks23
\eqnshift@=\dimen182
\alignsep@=\dimen183
\tagshift@=\dimen184
\tagwidth@=\dimen185
\totwidth@=\dimen186
\lineht@=\dimen187
\@envbody=\toks24
\multlinegap=\skip65
\multlinetaggap=\skip66
\mathdisplay@stack=\toks25
LaTeX Info: Redefining \[ on input line 2923.
LaTeX Info: Redefining \] on input line 2924.
) (/usr/local/texlive/2021/texmf-dist/tex/latex/tcolorbox/tcolorbox.sty
Package: tcolorbox 2020/10/09 version 4.42 text color boxes

(/usr/local/texlive/2021/texmf-dist/tex/latex/pgf/basiclayer/pgf.sty
(/usr/local/texlive/2021/texmf-dist/tex/latex/pgf/utilities/pgfrcs.sty
(/usr/local/texlive/2021/texmf-dist/tex/generic/pgf/utilities/pgfutil-common.te
x
\pgfutil@everybye=\toks26
\pgfutil@tempdima=\dimen188
\pgfutil@tempdimb=\dimen189

(/usr/local/texlive/2021/texmf-dist/tex/generic/pgf/utilities/pgfutil-common-li
sts.tex))
(/usr/local/texlive/2021/texmf-dist/tex/generic/pgf/utilities/pgfutil-latex.def
\pgfutil@abb=\box52
) (/usr/local/texlive/2021/texmf-dist/tex/generic/pgf/utilities/pgfrcs.code.tex
(/usr/local/texlive/2021/texmf-dist/tex/generic/pgf/pgf.revision.tex)
Package: pgfrcs 2020/12/27 v3.1.8b (3.1.8b)
))
Package: pgf 2020/12/27 v3.1.8b (3.1.8b)

(/usr/local/texlive/2021/texmf-dist/tex/latex/pgf/basiclayer/pgfcore.sty
(/usr/local/texlive/2021/texmf-dist/tex/latex/pgf/systemlayer/pgfsys.sty
(/usr/local/texlive/2021/texmf-dist/tex/generic/pgf/systemlayer/pgfsys.code.tex
Package: pgfsys 2020/12/27 v3.1.8b (3.1.8b)
(/usr/local/texlive/2021/texmf-dist/tex/generic/pgf/utilities/pgfkeys.code.tex
\pgfkeys@pathtoks=\toks27
\pgfkeys@temptoks=\toks28

(/usr/local/texlive/2021/texmf-dist/tex/generic/pgf/utilities/pgfkeysfiltered.c
ode.tex
\pgfkeys@tmptoks=\toks29
))
\pgf@x=\dimen190
\pgf@y=\dimen191
\pgf@xa=\dimen192
\pgf@ya=\dimen193
\pgf@xb=\dimen194
\pgf@yb=\dimen195
\pgf@xc=\dimen196
\pgf@yc=\dimen197
\pgf@xd=\dimen198
\pgf@yd=\dimen199
\w@pgf@writea=\write3
\r@pgf@reada=\read3
\c@pgf@counta=\count309
\c@pgf@countb=\count310
\c@pgf@countc=\count311
\c@pgf@countd=\count312
\t@pgf@toka=\toks30
\t@pgf@tokb=\toks31
\t@pgf@tokc=\toks32
\pgf@sys@id@count=\count313

(/usr/local/texlive/2021/texmf-dist/tex/generic/pgf/systemlayer/pgf.cfg
File: pgf.cfg 2020/12/27 v3.1.8b (3.1.8b)
)
Driver file for pgf: pgfsys-pdftex.def

(/usr/local/texlive/2021/texmf-dist/tex/generic/pgf/systemlayer/pgfsys-pdftex.d
ef
File: pgfsys-pdftex.def 2020/12/27 v3.1.8b (3.1.8b)

(/usr/local/texlive/2021/texmf-dist/tex/generic/pgf/systemlayer/pgfsys-common-p
df.def
File: pgfsys-common-pdf.def 2020/12/27 v3.1.8b (3.1.8b)
)))
(/usr/local/texlive/2021/texmf-dist/tex/generic/pgf/systemlayer/pgfsyssoftpath.
code.tex
File: pgfsyssoftpath.code.tex 2020/12/27 v3.1.8b (3.1.8b)
\pgfsyssoftpath@smallbuffer@items=\count314
\pgfsyssoftpath@bigbuffer@items=\count315
)
(/usr/local/texlive/2021/texmf-dist/tex/generic/pgf/systemlayer/pgfsysprotocol.
code.tex
File: pgfsysprotocol.code.tex 2020/12/27 v3.1.8b (3.1.8b)
))
(/usr/local/texlive/2021/texmf-dist/tex/generic/pgf/basiclayer/pgfcore.code.tex
Package: pgfcore 2020/12/27 v3.1.8b (3.1.8b)
(/usr/local/texlive/2021/texmf-dist/tex/generic/pgf/math/pgfmath.code.tex
(/usr/local/texlive/2021/texmf-dist/tex/generic/pgf/math/pgfmathcalc.code.tex
(/usr/local/texlive/2021/texmf-dist/tex/generic/pgf/math/pgfmathutil.code.tex)
(/usr/local/texlive/2021/texmf-dist/tex/generic/pgf/math/pgfmathparser.code.tex
\pgfmath@dimen=\dimen256
\pgfmath@count=\count316
\pgfmath@box=\box53
\pgfmath@toks=\toks33
\pgfmath@stack@operand=\toks34
\pgfmath@stack@operation=\toks35
)
(/usr/local/texlive/2021/texmf-dist/tex/generic/pgf/math/pgfmathfunctions.code.
tex
(/usr/local/texlive/2021/texmf-dist/tex/generic/pgf/math/pgfmathfunctions.basic
.code.tex)
(/usr/local/texlive/2021/texmf-dist/tex/generic/pgf/math/pgfmathfunctions.trigo
nometric.code.tex)
(/usr/local/texlive/2021/texmf-dist/tex/generic/pgf/math/pgfmathfunctions.rando
m.code.tex)
(/usr/local/texlive/2021/texmf-dist/tex/generic/pgf/math/pgfmathfunctions.compa
rison.code.tex)
(/usr/local/texlive/2021/texmf-dist/tex/generic/pgf/math/pgfmathfunctions.base.
code.tex)
(/usr/local/texlive/2021/texmf-dist/tex/generic/pgf/math/pgfmathfunctions.round
.code.tex)
(/usr/local/texlive/2021/texmf-dist/tex/generic/pgf/math/pgfmathfunctions.misc.
code.tex)
(/usr/local/texlive/2021/texmf-dist/tex/generic/pgf/math/pgfmathfunctions.integ
erarithmetics.code.tex)))
(/usr/local/texlive/2021/texmf-dist/tex/generic/pgf/math/pgfmathfloat.code.tex
\c@pgfmathroundto@lastzeros=\count317
)) (/usr/local/texlive/2021/texmf-dist/tex/generic/pgf/math/pgfint.code.tex)
(/usr/local/texlive/2021/texmf-dist/tex/generic/pgf/basiclayer/pgfcorepoints.co
de.tex
File: pgfcorepoints.code.tex 2020/12/27 v3.1.8b (3.1.8b)
\pgf@picminx=\dimen257
\pgf@picmaxx=\dimen258
\pgf@picminy=\dimen259
\pgf@picmaxy=\dimen260
\pgf@pathminx=\dimen261
\pgf@pathmaxx=\dimen262
\pgf@pathminy=\dimen263
\pgf@pathmaxy=\dimen264
\pgf@xx=\dimen265
\pgf@xy=\dimen266
\pgf@yx=\dimen267
\pgf@yy=\dimen268
\pgf@zx=\dimen269
\pgf@zy=\dimen270
)
(/usr/local/texlive/2021/texmf-dist/tex/generic/pgf/basiclayer/pgfcorepathconst
ruct.code.tex
File: pgfcorepathconstruct.code.tex 2020/12/27 v3.1.8b (3.1.8b)
\pgf@path@lastx=\dimen271
\pgf@path@lasty=\dimen272
)
(/usr/local/texlive/2021/texmf-dist/tex/generic/pgf/basiclayer/pgfcorepathusage
.code.tex
File: pgfcorepathusage.code.tex 2020/12/27 v3.1.8b (3.1.8b)
\pgf@shorten@end@additional=\dimen273
\pgf@shorten@start@additional=\dimen274
)
(/usr/local/texlive/2021/texmf-dist/tex/generic/pgf/basiclayer/pgfcorescopes.co
de.tex
File: pgfcorescopes.code.tex 2020/12/27 v3.1.8b (3.1.8b)
\pgfpic=\box54
\pgf@hbox=\box55
\pgf@layerbox@main=\box56
\pgf@picture@serial@count=\count318
)
(/usr/local/texlive/2021/texmf-dist/tex/generic/pgf/basiclayer/pgfcoregraphicst
ate.code.tex
File: pgfcoregraphicstate.code.tex 2020/12/27 v3.1.8b (3.1.8b)
\pgflinewidth=\dimen275
)
(/usr/local/texlive/2021/texmf-dist/tex/generic/pgf/basiclayer/pgfcoretransform
ations.code.tex
File: pgfcoretransformations.code.tex 2020/12/27 v3.1.8b (3.1.8b)
\pgf@pt@x=\dimen276
\pgf@pt@y=\dimen277
\pgf@pt@temp=\dimen278
)
(/usr/local/texlive/2021/texmf-dist/tex/generic/pgf/basiclayer/pgfcorequick.cod
e.tex
File: pgfcorequick.code.tex 2020/12/27 v3.1.8b (3.1.8b)
)
(/usr/local/texlive/2021/texmf-dist/tex/generic/pgf/basiclayer/pgfcoreobjects.c
ode.tex
File: pgfcoreobjects.code.tex 2020/12/27 v3.1.8b (3.1.8b)
)
(/usr/local/texlive/2021/texmf-dist/tex/generic/pgf/basiclayer/pgfcorepathproce
ssing.code.tex
File: pgfcorepathprocessing.code.tex 2020/12/27 v3.1.8b (3.1.8b)
)
(/usr/local/texlive/2021/texmf-dist/tex/generic/pgf/basiclayer/pgfcorearrows.co
de.tex
File: pgfcorearrows.code.tex 2020/12/27 v3.1.8b (3.1.8b)
\pgfarrowsep=\dimen279
)
(/usr/local/texlive/2021/texmf-dist/tex/generic/pgf/basiclayer/pgfcoreshade.cod
e.tex
File: pgfcoreshade.code.tex 2020/12/27 v3.1.8b (3.1.8b)
\pgf@max=\dimen280
\pgf@sys@shading@range@num=\count319
\pgf@shadingcount=\count320
)
(/usr/local/texlive/2021/texmf-dist/tex/generic/pgf/basiclayer/pgfcoreimage.cod
e.tex
File: pgfcoreimage.code.tex 2020/12/27 v3.1.8b (3.1.8b)

(/usr/local/texlive/2021/texmf-dist/tex/generic/pgf/basiclayer/pgfcoreexternal.
code.tex
File: pgfcoreexternal.code.tex 2020/12/27 v3.1.8b (3.1.8b)
\pgfexternal@startupbox=\box57
))
(/usr/local/texlive/2021/texmf-dist/tex/generic/pgf/basiclayer/pgfcorelayers.co
de.tex
File: pgfcorelayers.code.tex 2020/12/27 v3.1.8b (3.1.8b)
)
(/usr/local/texlive/2021/texmf-dist/tex/generic/pgf/basiclayer/pgfcoretranspare
ncy.code.tex
File: pgfcoretransparency.code.tex 2020/12/27 v3.1.8b (3.1.8b)
)
(/usr/local/texlive/2021/texmf-dist/tex/generic/pgf/basiclayer/pgfcorepatterns.
code.tex
File: pgfcorepatterns.code.tex 2020/12/27 v3.1.8b (3.1.8b)
)
(/usr/local/texlive/2021/texmf-dist/tex/generic/pgf/basiclayer/pgfcorerdf.code.
tex
File: pgfcorerdf.code.tex 2020/12/27 v3.1.8b (3.1.8b)
)))
(/usr/local/texlive/2021/texmf-dist/tex/generic/pgf/modules/pgfmoduleshapes.cod
e.tex
File: pgfmoduleshapes.code.tex 2020/12/27 v3.1.8b (3.1.8b)
\pgfnodeparttextbox=\box58
)
(/usr/local/texlive/2021/texmf-dist/tex/generic/pgf/modules/pgfmoduleplot.code.
tex
File: pgfmoduleplot.code.tex 2020/12/27 v3.1.8b (3.1.8b)
)
(/usr/local/texlive/2021/texmf-dist/tex/latex/pgf/compatibility/pgfcomp-version
-0-65.sty
Package: pgfcomp-version-0-65 2020/12/27 v3.1.8b (3.1.8b)
\pgf@nodesepstart=\dimen281
\pgf@nodesepend=\dimen282
)
(/usr/local/texlive/2021/texmf-dist/tex/latex/pgf/compatibility/pgfcomp-version
-1-18.sty
Package: pgfcomp-version-1-18 2020/12/27 v3.1.8b (3.1.8b)
)) (/usr/local/texlive/2021/texmf-dist/tex/latex/tools/verbatim.sty
Package: verbatim 2020-07-07 v1.5u LaTeX2e package for verbatim enhancements
\every@verbatim=\toks36
\verbatim@line=\toks37
\verbatim@in@stream=\read4
)
(/usr/local/texlive/2021/texmf-dist/tex/latex/environ/environ.sty
Package: environ 2014/05/04 v0.3 A new way to define environments

(/usr/local/texlive/2021/texmf-dist/tex/latex/trimspaces/trimspaces.sty
Package: trimspaces 2009/09/17 v1.1 Trim spaces around a token list
))
(/usr/local/texlive/2021/texmf-dist/tex/latex/etoolbox/etoolbox.sty
Package: etoolbox 2020/10/05 v2.5k e-TeX tools for LaTeX (JAW)
\etb@tempcnta=\count321
)
\tcb@titlebox=\box59
\tcb@upperbox=\box60
\tcb@lowerbox=\box61
\tcb@phantombox=\box62
\c@tcbbreakpart=\count322
\c@tcblayer=\count323
\c@tcolorbox@number=\count324
\tcb@temp=\box63
\tcb@temp=\box64
\tcb@temp=\box65
\tcb@temp=\box66
\tcb@out=\write4
\tcb@record@out=\write5
)
(/usr/local/texlive/2021/texmf-dist/tex/latex/pgf/frontendlayer/tikz.sty
(/usr/local/texlive/2021/texmf-dist/tex/latex/pgf/utilities/pgffor.sty
(/usr/local/texlive/2021/texmf-dist/tex/latex/pgf/utilities/pgfkeys.sty
(/usr/local/texlive/2021/texmf-dist/tex/generic/pgf/utilities/pgfkeys.code.tex)
) (/usr/local/texlive/2021/texmf-dist/tex/latex/pgf/math/pgfmath.sty
(/usr/local/texlive/2021/texmf-dist/tex/generic/pgf/math/pgfmath.code.tex))
(/usr/local/texlive/2021/texmf-dist/tex/generic/pgf/utilities/pgffor.code.tex
Package: pgffor 2020/12/27 v3.1.8b (3.1.8b)

(/usr/local/texlive/2021/texmf-dist/tex/generic/pgf/math/pgfmath.code.tex)
\pgffor@iter=\dimen283
\pgffor@skip=\dimen284
\pgffor@stack=\toks38
\pgffor@toks=\toks39
))
(/usr/local/texlive/2021/texmf-dist/tex/generic/pgf/frontendlayer/tikz/tikz.cod
e.tex
Package: tikz 2020/12/27 v3.1.8b (3.1.8b)

(/usr/local/texlive/2021/texmf-dist/tex/generic/pgf/libraries/pgflibraryplothan
dlers.code.tex
File: pgflibraryplothandlers.code.tex 2020/12/27 v3.1.8b (3.1.8b)
\pgf@plot@mark@count=\count325
\pgfplotmarksize=\dimen285
)
\tikz@lastx=\dimen286
\tikz@lasty=\dimen287
\tikz@lastxsaved=\dimen288
\tikz@lastysaved=\dimen289
\tikz@lastmovetox=\dimen290
\tikz@lastmovetoy=\dimen291
\tikzleveldistance=\dimen292
\tikzsiblingdistance=\dimen293
\tikz@figbox=\box67
\tikz@figbox@bg=\box68
\tikz@tempbox=\box69
\tikz@tempbox@bg=\box70
\tikztreelevel=\count326
\tikznumberofchildren=\count327
\tikznumberofcurrentchild=\count328
\tikz@fig@count=\count329

(/usr/local/texlive/2021/texmf-dist/tex/generic/pgf/modules/pgfmodulematrix.cod
e.tex
File: pgfmodulematrix.code.tex 2020/12/27 v3.1.8b (3.1.8b)
\pgfmatrixcurrentrow=\count330
\pgfmatrixcurrentcolumn=\count331
\pgf@matrix@numberofcolumns=\count332
)
\tikz@expandcount=\count333

(/usr/local/texlive/2021/texmf-dist/tex/generic/pgf/frontendlayer/tikz/librarie
s/tikzlibrarytopaths.code.tex
File: tikzlibrarytopaths.code.tex 2020/12/27 v3.1.8b (3.1.8b)
)))
(/usr/local/texlive/2021/texmf-dist/tex/latex/wrapfig/wrapfig.sty
\wrapoverhang=\dimen294
\WF@size=\dimen295
\c@WF@wrappedlines=\count334
\WF@box=\box71
\WF@everypar=\toks40
Package: wrapfig 2003/01/31  v 3.6
)
(/usr/local/texlive/2021/texmf-dist/tex/latex/caption/caption.sty
Package: caption 2020/10/26 v3.5g Customizing captions (AR)

(/usr/local/texlive/2021/texmf-dist/tex/latex/caption/caption3.sty
Package: caption3 2020/10/21 v2.2e caption3 kernel (AR)
\captionmargin=\dimen296
\captionmargin@=\dimen297
\captionwidth=\dimen298
\caption@tempdima=\dimen299
\caption@indent=\dimen300
\caption@parindent=\dimen301
\caption@hangindent=\dimen302
Package caption Info: Standard document class detected.
)
\c@caption@flags=\count335
\c@continuedfloat=\count336
Package caption Info: hyperref package is loaded.
Package caption Info: listings package is loaded.
Package caption Info: wrapfig package is loaded.
)
(/usr/local/texlive/2021/texmf-dist/tex/latex/lipsum/lipsum.sty
(/usr/local/texlive/2021/texmf-dist/tex/latex/l3kernel/expl3.sty
Package: expl3 2021-02-18 L3 programming layer (loader) 

(/usr/local/texlive/2021/texmf-dist/tex/latex/l3backend/l3backend-pdftex.def
File: l3backend-pdftex.def 2021-03-18 L3 backend support: PDF output (pdfTeX)
\l__color_backend_stack_int=\count337
\l__pdf_internal_box=\box72
))
(/usr/local/texlive/2021/texmf-dist/tex/latex/l3packages/xparse/xparse.sty
(/usr/local/texlive/2021/texmf-dist/tex/latex/l3packages/xparse/xparse-2020-10-
01.sty
(/usr/local/texlive/2021/texmf-dist/tex/latex/l3packages/xparse/xparse-generic.
tex)))
Package: lipsum 2021-03-03 v2.3 150 paragraphs of Lorem Ipsum dummy text
 (/usr/local/texlive/2021/texmf-dist/tex/latex/lipsum/lipsum.ltd.tex
File: lipsum.ltd.tex 2021-03-03 v2.3 The Lorem ipsum dummy text
))
(/usr/local/texlive/2021/texmf-dist/tex/latex/caption/subcaption.sty
Package: subcaption 2020/10/07 v1.3j Sub-captions (AR)
\c@subfigure=\count338
\c@subtable=\count339
)
(/usr/local/texlive/2021/texmf-dist/tex/latex/float/float.sty
Package: float 2001/11/08 v1.3d Float enhancements (AL)
\c@float@type=\count340
\float@exts=\toks41
\float@box=\box73
\@float@everytoks=\toks42
\@floatcapt=\box74
)
(/usr/local/texlive/2021/texmf-dist/tex/generic/soul/soul.sty
Package: soul 2003/11/17 v2.4 letterspacing/underlining (mf)
\SOUL@word=\toks43
\SOUL@lasttoken=\toks44
\SOUL@cmds=\toks45
\SOUL@buffer=\toks46
\SOUL@token=\toks47
\SOUL@spaceskip=\skip67
\SOUL@ttwidth=\dimen303
\SOUL@uldp=\dimen304
\SOUL@ulht=\dimen305
)
(/usr/local/texlive/2021/texmf-dist/tex/latex/placeins/placeins.sty
Package: placeins 2005/04/18  v 2.2
)
(/usr/local/texlive/2021/texmf-dist/tex/latex/base/latexsym.sty
Package: latexsym 1998/08/17 v2.2e Standard LaTeX package (lasy symbols)
\symlasy=\mathgroup5
LaTeX Font Info:    Overwriting symbol font `lasy' in version `bold'
(Font)                  U/lasy/m/n --> U/lasy/b/n on input line 52.
)
(/usr/local/texlive/2021/texmf-dist/tex/generic/pgf/frontendlayer/tikz/librarie
s/tikzlibrarymatrix.code.tex
File: tikzlibrarymatrix.code.tex 2020/12/27 v3.1.8b (3.1.8b)
)
(/usr/local/texlive/2021/texmf-dist/tex/generic/pgf/frontendlayer/tikz/librarie
s/tikzlibrarycalc.code.tex
File: tikzlibrarycalc.code.tex 2020/12/27 v3.1.8b (3.1.8b)
))
\c@definition=\count341
LaTeX Font Info:    Trying to load font information for T1+lmr on input line 8.


(/usr/local/texlive/2021/texmf-dist/tex/latex/lm/t1lmr.fd
File: t1lmr.fd 2015/05/01 v1.6.1 Font defs for Latin Modern
)
(/Users/kuba/Workspace/Latex/grid-partitioning-thesis/out/main.aux)
\openout1 = `main.aux'.

LaTeX Font Info:    Checking defaults for OML/cmm/m/it on input line 8.
LaTeX Font Info:    ... okay on input line 8.
LaTeX Font Info:    Checking defaults for OMS/cmsy/m/n on input line 8.
LaTeX Font Info:    ... okay on input line 8.
LaTeX Font Info:    Checking defaults for OT1/cmr/m/n on input line 8.
LaTeX Font Info:    ... okay on input line 8.
LaTeX Font Info:    Checking defaults for T1/cmr/m/n on input line 8.
LaTeX Font Info:    ... okay on input line 8.
LaTeX Font Info:    Checking defaults for TS1/cmr/m/n on input line 8.
LaTeX Font Info:    ... okay on input line 8.
LaTeX Font Info:    Checking defaults for OMX/cmex/m/n on input line 8.
LaTeX Font Info:    ... okay on input line 8.
LaTeX Font Info:    Checking defaults for U/cmr/m/n on input line 8.
LaTeX Font Info:    ... okay on input line 8.
LaTeX Font Info:    Checking defaults for PD1/pdf/m/n on input line 8.
LaTeX Font Info:    ... okay on input line 8.
LaTeX Font Info:    Checking defaults for PU/pdf/m/n on input line 8.
LaTeX Font Info:    ... okay on input line 8.

(/usr/local/texlive/2021/texmf-dist/tex/context/base/mkii/supp-pdf.mkii
[Loading MPS to PDF converter (version 2006.09.02).]
\scratchcounter=\count342
\scratchdimen=\dimen306
\scratchbox=\box75
\nofMPsegments=\count343
\nofMParguments=\count344
\everyMPshowfont=\toks48
\MPscratchCnt=\count345
\MPscratchDim=\dimen307
\MPnumerator=\count346
\makeMPintoPDFobject=\count347
\everyMPtoPDFconversion=\toks49
) (/usr/local/texlive/2021/texmf-dist/tex/latex/epstopdf-pkg/epstopdf-base.sty
Package: epstopdf-base 2020-01-24 v2.11 Base part for package epstopdf
Package epstopdf-base Info: Redefining graphics rule for `.eps' on input line 4
85.

(/usr/local/texlive/2021/texmf-dist/tex/latex/latexconfig/epstopdf-sys.cfg
File: epstopdf-sys.cfg 2010/07/13 v1.3 Configuration of (r)epstopdf for TeX Liv
e
))
*geometry* driver: auto-detecting
*geometry* detected driver: pdftex
*geometry* verbose mode - [ preamble ] result:
* driver: pdftex
* paper: <default>
* layout: <same size as paper>
* layoutoffset:(h,v)=(0.0pt,0.0pt)
* bindingoffset: 28.45274pt
* modes: twoside 
* h-part:(L,W,R)=(56.9055pt, 455.24413pt, 56.9055pt)
* v-part:(T,H,B)=(71.13188pt, 702.78308pt, 71.13188pt)
* \paperwidth=597.50787pt
* \paperheight=845.04684pt
* \textwidth=455.24413pt
* \textheight=702.78308pt
* \oddsidemargin=13.08826pt
* \evensidemargin=-15.36449pt
* \topmargin=-54.59085pt
* \headheight=28.45274pt
* \headsep=25.0pt
* \topskip=12.0pt
* \footskip=28.45274pt
* \marginparwidth=85.0pt
* \marginparsep=10.0pt
* \columnsep=10.0pt
* \skip\footins=10.8pt plus 4.0pt minus 2.0pt
* \hoffset=0.0pt
* \voffset=0.0pt
* \mag=1000
* \@twocolumnfalse
* \@twosidetrue
* \@mparswitchtrue
* \@reversemarginfalse
* (1in=72.27pt=25.4mm, 1cm=28.453pt)

\c@lstlisting=\count348
Package hyperref Info: Link coloring OFF on input line 8.
(/usr/local/texlive/2021/texmf-dist/tex/latex/hyperref/nameref.sty
Package: nameref 2021-04-02 v2.47 Cross-referencing by name of section

(/usr/local/texlive/2021/texmf-dist/tex/latex/refcount/refcount.sty
Package: refcount 2019/12/15 v3.6 Data extraction from label references (HO)
)
(/usr/local/texlive/2021/texmf-dist/tex/generic/gettitlestring/gettitlestring.s
ty
Package: gettitlestring 2019/12/15 v1.6 Cleanup title references (HO)
)
\c@section@level=\count349
)
LaTeX Info: Redefining \ref on input line 8.
LaTeX Info: Redefining \pageref on input line 8.
LaTeX Info: Redefining \nameref on input line 8.
 (/Users/kuba/Workspace/Latex/grid-partitioning-thesis/out/main.out)
(/Users/kuba/Workspace/Latex/grid-partitioning-thesis/out/main.out)
\@outlinefile=\write6
\openout6 = `main.out'.

Package caption Info: Begin \AtBeginDocument code.
Package caption Info: float package is loaded.
Package caption Info: End \AtBeginDocument code.

(./chapters/04-literature/main.tex
LaTeX Font Info:    Trying to load font information for TS1+lmr on input line 1
3.

(/usr/local/texlive/2021/texmf-dist/tex/latex/lm/ts1lmr.fd
File: ts1lmr.fd 2015/05/01 v1.6.1 Font defs for Latin Modern
)
LaTeX Font Info:    Trying to load font information for OT1+lmr on input line 2
2.

(/usr/local/texlive/2021/texmf-dist/tex/latex/lm/ot1lmr.fd
File: ot1lmr.fd 2015/05/01 v1.6.1 Font defs for Latin Modern
)
LaTeX Font Info:    Trying to load font information for OML+lmm on input line 2
2.

(/usr/local/texlive/2021/texmf-dist/tex/latex/lm/omllmm.fd
File: omllmm.fd 2015/05/01 v1.6.1 Font defs for Latin Modern
)
LaTeX Font Info:    Trying to load font information for OMS+lmsy on input line 
22.

(/usr/local/texlive/2021/texmf-dist/tex/latex/lm/omslmsy.fd
File: omslmsy.fd 2015/05/01 v1.6.1 Font defs for Latin Modern
)
LaTeX Font Info:    Trying to load font information for OMX+lmex on input line 
22.

(/usr/local/texlive/2021/texmf-dist/tex/latex/lm/omxlmex.fd
File: omxlmex.fd 2015/05/01 v1.6.1 Font defs for Latin Modern
)
LaTeX Font Info:    External font `lmex10' loaded for size
(Font)              <12> on input line 22.
LaTeX Font Info:    External font `lmex10' loaded for size
(Font)              <8> on input line 22.
LaTeX Font Info:    External font `lmex10' loaded for size
(Font)              <6> on input line 22.
LaTeX Font Info:    Trying to load font information for U+wasy on input line 22
.

(/usr/local/texlive/2021/texmf-dist/tex/latex/wasysym/uwasy.fd
File: uwasy.fd 2020/01/19 v2.4 Wasy-2 symbol font definitions
)
LaTeX Font Info:    Trying to load font information for U+lasy on input line 22
.

(/usr/local/texlive/2021/texmf-dist/tex/latex/base/ulasy.fd
File: ulasy.fd 1998/08/17 v2.2e LaTeX symbol font definitions
)
<images/separator.png, id=104, 203.76125pt x 135.50626pt>
File: images/separator.png Graphic file (type png)
<use images/separator.png>
Package pdftex.def Info: images/separator.png  used on input line 27.
(pdftex.def)             Requested size: 136.57462pt x 90.83005pt.
 [1{/usr/local/texlive/2021/texmf-var/fonts/map/pdftex/updmap/pdftex.map}

 <./images/separator.png>]
<images/recursive.png, id=136, 277.035pt x 257.96375pt>
File: images/recursive.png Graphic file (type png)
<use images/recursive.png>
Package pdftex.def Info: images/recursive.png  used on input line 65.
(pdftex.def)             Requested size: 136.57462pt x 127.17088pt.
<images/recursive-part.png, id=139, 305.14pt x 297.11pt>
File: images/recursive-part.png Graphic file (type png)
<use images/recursive-part.png>
Package pdftex.def Info: images/recursive-part.png  used on input line 71.
(pdftex.def)             Requested size: 136.57462pt x 132.9865pt.
 [2 <./images/recursive.png> <./images/recursive-part.png>]
<images/recursive-partitioning.png, id=149, 444.66125pt x 973.6375pt>
File: images/recursive-partitioning.png Graphic file (type png)
<use images/recursive-partitioning.png>
Package pdftex.def Info: images/recursive-partitioning.png  used on input line 
85.
(pdftex.def)             Requested size: 186.65175pt x 408.68726pt.
 [3 <./images/recursive-partitioning.png>]
<images/coarsening.png, id=197, 584.1825pt x 460.72125pt>
File: images/coarsening.png Graphic file (type png)
<use images/coarsening.png>
Package pdftex.def Info: images/coarsening.png  used on input line 138.
(pdftex.def)             Requested size: 409.71693pt x 323.13538pt.

Underfull \vbox (badness 1043) has occurred while \output is active []

 [4 <./images/coarsening.png>]
<images/libraries-comparision.png, id=231, 820.06375pt x 251.94125pt>
File: images/libraries-comparision.png Graphic file (type png)
<use images/libraries-comparision.png>
Package pdftex.def Info: images/libraries-comparision.png  used on input line 1
59.
(pdftex.def)             Requested size: 318.6695pt x 97.903pt.
 [5 <./images/libraries-comparision.png>])
(./chapters/05-algorithm/main.tex [6]
(./chapters/05-algorithm/parts/01-intro.tex

Package hyperref Warning: Token not allowed in a PDF string (Unicode):
(hyperref)                removing `math shift' on input line 10.


Package hyperref Warning: Token not allowed in a PDF string (Unicode):
(hyperref)                removing `\cdot' on input line 10.


Package hyperref Warning: Token not allowed in a PDF string (Unicode):
(hyperref)                removing `math shift' on input line 10.


Package hyperref Warning: Token not allowed in a PDF string (Unicode):
(hyperref)                removing `math shift' on input line 22.


Package hyperref Warning: Token not allowed in a PDF string (Unicode):
(hyperref)                removing `math shift' on input line 22.

) [7]
LaTeX Font Info:    External font `lmex10' loaded for size
(Font)              <14.4> on input line 9.
LaTeX Font Info:    External font `lmex10' loaded for size
(Font)              <10> on input line 9.
LaTeX Font Info:    External font `lmex10' loaded for size
(Font)              <7> on input line 9.


Package hyperref Warning: Token not allowed in a PDF string (Unicode):
(hyperref)                removing `math shift' on input line 9.


Package hyperref Warning: Token not allowed in a PDF string (Unicode):
(hyperref)                removing `\cdot' on input line 9.


Package hyperref Warning: Token not allowed in a PDF string (Unicode):
(hyperref)                removing `math shift' on input line 9.

(./chapters/05-algorithm/parts/02-graphic_to_graph.tex
<images/grid1.png, id=290, 344.28625pt x 207.77625pt>
File: images/grid1.png Graphic file (type png)
<use images/grid1.png>
Package pdftex.def Info: images/grid1.png  used on input line 16.
(pdftex.def)             Requested size: 273.14925pt x 164.84525pt.
 [8 <./images/grid1.png>]
<images/areas_o_i/1.png, id=299, 292.09125pt x 293.095pt>
File: images/areas_o_i/1.png Graphic file (type png)
<use images/areas_o_i/1.png>
Package pdftex.def Info: images/areas_o_i/1.png  used on input line 41.
(pdftex.def)             Requested size: 136.57462pt x 137.04803pt.
<images/areas_o_i/2.png, id=300, 292.09125pt x 293.095pt>
File: images/areas_o_i/2.png Graphic file (type png)
<use images/areas_o_i/2.png>
Package pdftex.def Info: images/areas_o_i/2.png  used on input line 46.
(pdftex.def)             Requested size: 136.57462pt x 137.04803pt.
<images/strange7.png, id=301, 65.24374pt x 46.1725pt>
File: images/strange7.png Graphic file (type png)
<use images/strange7.png>
Package pdftex.def Info: images/strange7.png  used on input line 69.
(pdftex.def)             Requested size: 56.9055pt x 40.27188pt.
<images/strange7-graph.png, id=302, 335.2525pt x 235.88126pt>
File: images/strange7-graph.png Graphic file (type png)
<use images/strange7-graph.png>
Package pdftex.def Info: images/strange7-graph.png  used on input line 74.
(pdftex.def)             Requested size: 136.57462pt x 96.09286pt.
) [9 <./images/areas_o_i/1.png> <./images/areas_o_i/2.png> <./images/strange7.p
ng> <./images/strange7-graph.png>]
(./chapters/05-algorithm/parts/03-shrinking_graph.tex
<images/Maximum_matching.jpeg, id=314, 453.695pt x 453.695pt>
File: images/Maximum_matching.jpeg Graphic file (type jpg)
<use images/Maximum_matching.jpeg>
Package pdftex.def Info: images/Maximum_matching.jpeg  used on input line 9.
(pdftex.def)             Requested size: 109.26108pt x 109.25594pt.
<images/lam.png, id=318, 1117.17375pt x 409.53pt>
File: images/lam.png Graphic file (type png)
<use images/lam.png>
Package pdftex.def Info: images/lam.png  used on input line 29.
(pdftex.def)             Requested size: 409.71693pt x 150.1927pt.
 [10 <./images/Maximum_matching.jpeg> <./images/lam.png>]
LaTeX Font Info:    Trying to load font information for T1+lmtt on input line 3
9.

(/usr/local/texlive/2021/texmf-dist/tex/latex/lm/t1lmtt.fd
File: t1lmtt.fd 2015/05/01 v1.6.1 Font defs for Latin Modern
)
LaTeX Font Info:    External font `lmex10' loaded for size
(Font)              <5> on input line 40.


Package caption Warning: \captionsetup{type*=...} or \captionof
(caption)                outside box or environment on input line 83.
See the caption package documentation for explanation.


Package caption Warning: The option `hypcap=true' will be ignored for this
(caption)                particular \caption on input line 86.
See the caption package documentation for explanation.

[11]
<images/lam-partitioning.png, id=387, 276.03125pt x 275.0275pt>
File: images/lam-partitioning.png Graphic file (type png)
<use images/lam-partitioning.png>
Package pdftex.def Info: images/lam-partitioning.png  used on input line 124.
(pdftex.def)             Requested size: 136.57462pt x 136.08237pt.
<images/lam-partitioning2.png, id=388, 275.0275pt x 275.0275pt>
File: images/lam-partitioning2.png Graphic file (type png)
<use images/lam-partitioning2.png>
Package pdftex.def Info: images/lam-partitioning2.png  used on input line 129.
(pdftex.def)             Requested size: 136.57462pt x 136.57758pt.
 [12 <./images/lam-partitioning.png> <./images/lam-partitioning2.png>]
<images/part-steps/lam1.png, id=396, 275.0275pt x 274.02374pt>
File: images/part-steps/lam1.png Graphic file (type png)
<use images/part-steps/lam1.png>
Package pdftex.def Info: images/part-steps/lam1.png  used on input line 144.
(pdftex.def)             Requested size: 97.87581pt x 97.51953pt.
<images/part-steps/lam2.png, id=397, 274.02374pt x 274.02374pt>
File: images/part-steps/lam2.png Graphic file (type png)
<use images/part-steps/lam2.png>
Package pdftex.def Info: images/part-steps/lam2.png  used on input line 149.
(pdftex.def)             Requested size: 97.87581pt x 97.87494pt.

Overfull \hbox (2.61105pt too wide) in paragraph at lines 142--152
[]$[]$ $[]$ 
 []

<images/part-steps/lam3.png, id=398, 274.02374pt x 274.02374pt>
File: images/part-steps/lam3.png Graphic file (type png)
<use images/part-steps/lam3.png>
Package pdftex.def Info: images/part-steps/lam3.png  used on input line 155.
(pdftex.def)             Requested size: 97.87581pt x 97.87494pt.
<images/part-steps/lam4.png, id=399, 274.02374pt x 274.02374pt>
File: images/part-steps/lam4.png Graphic file (type png)
<use images/part-steps/lam4.png>
Package pdftex.def Info: images/part-steps/lam4.png  used on input line 160.
(pdftex.def)             Requested size: 97.87581pt x 97.87494pt.

Overfull \hbox (2.61105pt too wide) in paragraph at lines 153--163
[]$[]$ $[]$ 
 []

<images/part-steps/lam5.png, id=400, 274.02374pt x 274.02374pt>
File: images/part-steps/lam5.png Graphic file (type png)
<use images/part-steps/lam5.png>
Package pdftex.def Info: images/part-steps/lam5.png  used on input line 166.
(pdftex.def)             Requested size: 97.87581pt x 97.87494pt.
<images/part-steps/lam6.png, id=401, 274.02374pt x 274.02374pt>
File: images/part-steps/lam6.png Graphic file (type png)
<use images/part-steps/lam6.png>
Package pdftex.def Info: images/part-steps/lam6.png  used on input line 171.
(pdftex.def)             Requested size: 97.87581pt x 97.87494pt.

Overfull \hbox (2.61105pt too wide) in paragraph at lines 164--174
[]$[]$ $[]$ 
 []

<images/part-steps/lam7.png, id=402, 274.02374pt x 274.02374pt>
File: images/part-steps/lam7.png Graphic file (type png)
<use images/part-steps/lam7.png>
Package pdftex.def Info: images/part-steps/lam7.png  used on input line 177.
(pdftex.def)             Requested size: 97.87581pt x 97.87494pt.
<images/part-steps/lam8.png, id=403, 274.02374pt x 274.02374pt>
File: images/part-steps/lam8.png Graphic file (type png)
<use images/part-steps/lam8.png>
Package pdftex.def Info: images/part-steps/lam8.png  used on input line 182.
(pdftex.def)             Requested size: 97.87581pt x 97.87494pt.

Overfull \hbox (2.61105pt too wide) in paragraph at lines 175--185
[]$[]$ $[]$ 
 []

<images/part-steps/lam9.png, id=404, 274.02374pt x 274.02374pt>
File: images/part-steps/lam9.png Graphic file (type png)
<use images/part-steps/lam9.png>
Package pdftex.def Info: images/part-steps/lam9.png  used on input line 188.
(pdftex.def)             Requested size: 97.87581pt x 97.87494pt.
<images/part-steps/lam10.png, id=405, 274.02374pt x 274.02374pt>
File: images/part-steps/lam10.png Graphic file (type png)
<use images/part-steps/lam10.png>
Package pdftex.def Info: images/part-steps/lam10.png  used on input line 193.
(pdftex.def)             Requested size: 97.87581pt x 97.87494pt.

Overfull \hbox (2.61105pt too wide) in paragraph at lines 186--198
[]$[]$ $[]$ 
 []


LaTeX Warning: `h' float specifier changed to `ht'.

[13 <./images/part-steps/lam1.png> <./images/part-steps/lam2.png> <./images/par
t-steps/lam3.png> <./images/part-steps/lam4.png> <./images/part-steps/lam5.png>
 <./images/part-steps/lam6.png> <./images/part-steps/lam7.png> <./images/part-s
teps/lam8.png> <./images/part-steps/lam9.png> <./images/part-steps/lam10.png>]
<images/lam-obszary-niepodzielne/grid.png, id=422, 557.08125pt x 299.1175pt>
File: images/lam-obszary-niepodzielne/grid.png Graphic file (type png)
<use images/lam-obszary-niepodzielne/grid.png>
Package pdftex.def Info: images/lam-obszary-niepodzielne/grid.png  used on inpu
t line 224.
(pdftex.def)             Requested size: 136.57462pt x 73.32777pt.
<images/lam-obszary-niepodzielne/4.png, id=423, 532.99126pt x 272.01625pt>
File: images/lam-obszary-niepodzielne/4.png Graphic file (type png)
<use images/lam-obszary-niepodzielne/4.png>
Package pdftex.def Info: images/lam-obszary-niepodzielne/4.png  used on input l
ine 229.
(pdftex.def)             Requested size: 136.57462pt x 69.70149pt.
) (./chapters/05-algorithm/parts/04-modifications_to_shrinking.tex [14

 <./images/lam-obszary-niepodzielne/grid.png> <./images/lam-obszary-niepodzieln
e/4.png>]
Underfull \vbox (badness 10000) has occurred while \output is active []

 [15]
<images/discount1.png, id=450, 430.60875pt x 274.02374pt>
File: images/discount1.png Graphic file (type png)
<use images/discount1.png>
Package pdftex.def Info: images/discount1.png  used on input line 91.
(pdftex.def)             Requested size: 159.33473pt x 101.39555pt.
<images/discount2.png, id=451, 430.60875pt x 274.02374pt>
File: images/discount2.png Graphic file (type png)
<use images/discount2.png>
Package pdftex.def Info: images/discount2.png  used on input line 96.
(pdftex.def)             Requested size: 159.33473pt x 101.39555pt.
<images/discount3.png, id=452, 429.605pt x 275.0275pt>
File: images/discount3.png Graphic file (type png)
<use images/discount3.png>
Package pdftex.def Info: images/discount3.png  used on input line 101.
(pdftex.def)             Requested size: 159.33473pt x 102.00618pt.
<images/discount4.png, id=453, 429.605pt x 275.0275pt>
File: images/discount4.png Graphic file (type png)
<use images/discount4.png>
Package pdftex.def Info: images/discount4.png  used on input line 106.
(pdftex.def)             Requested size: 159.33473pt x 102.00618pt.
)
[16 <./images/discount1.png> <./images/discount2.png> <./images/discount3.png> 
<./images/discount4.png>]
(./chapters/05-algorithm/parts/05-intr_uncoarsening_phase.tex
<images/refinement/1.png, id=466, 275.0275pt x 274.02374pt>
File: images/refinement/1.png Graphic file (type png)
<use images/refinement/1.png>
Package pdftex.def Info: images/refinement/1.png  used on input line 12.
(pdftex.def)             Requested size: 91.04742pt x 90.71243pt.
<images/refinement/2.png, id=467, 275.0275pt x 274.02374pt>
File: images/refinement/2.png Graphic file (type png)
<use images/refinement/2.png>
Package pdftex.def Info: images/refinement/2.png  used on input line 17.
(pdftex.def)             Requested size: 91.04742pt x 90.71243pt.

Underfull \hbox (badness 10000) in paragraph at lines 24--47

 []

[17 <./images/refinement/1.png> <./images/refinement/2.png>]

Package caption Warning: The option `hypcap=true' will be ignored for this
(caption)                particular \caption on input line 67.
See the caption package documentation for explanation.

)
Underfull \vbox (badness 10000) has occurred while \output is active []

 [18]
[19] (./chapters/05-algorithm/parts/06-uncoarsening_phase_details.tex
<images/helpfulsets/1.png, id=514, 270.00874pt x 223.83624pt>
File: images/helpfulsets/1.png Graphic file (type png)
<use images/helpfulsets/1.png>
Package pdftex.def Info: images/helpfulsets/1.png  used on input line 37.
(pdftex.def)             Requested size: 75.11646pt x 62.27069pt.
<images/helpfulsets/2.png, id=515, 808.01875pt x 232.87pt>
File: images/helpfulsets/2.png Graphic file (type png)
<use images/helpfulsets/2.png>
Package pdftex.def Info: images/helpfulsets/2.png  used on input line 42.
(pdftex.def)             Requested size: 213.59898pt x 61.55745pt.
<images/helpfulsets/3.png, id=516, 407.5225pt x 217.81375pt>
File: images/helpfulsets/3.png Graphic file (type png)
<use images/helpfulsets/3.png>
Package pdftex.def Info: images/helpfulsets/3.png  used on input line 48.
(pdftex.def)             Requested size: 114.72064pt x 61.31645pt.
<images/helpfulsets/4.png, id=517, 680.5425pt x 236.885pt>
File: images/helpfulsets/4.png Graphic file (type png)
<use images/helpfulsets/4.png>
Package pdftex.def Info: images/helpfulsets/4.png  used on input line 53.
(pdftex.def)             Requested size: 182.64082pt x 63.57304pt.
 [20 <./images/helpfulsets/1.png> <./images/helpfulsets/2.png> <./images/helpfu
lsets/3.png> <./images/helpfulsets/4.png>] [21]

Package caption Warning: The option `hypcap=true' will be ignored for this
(caption)                particular \caption on input line 126.
See the caption package documentation for explanation.

[22]
<images/helpful-balancing/1.png, id=598, 236.885pt x 235.88126pt>
File: images/helpful-balancing/1.png Graphic file (type png)
<use images/helpful-balancing/1.png>
Package pdftex.def Info: images/helpful-balancing/1.png  used on input line 152
.
(pdftex.def)             Requested size: 97.87581pt x 97.46057pt.
<images/helpful-balancing/2.png, id=599, 236.885pt x 235.88126pt>
File: images/helpful-balancing/2.png Graphic file (type png)
<use images/helpful-balancing/2.png>
Package pdftex.def Info: images/helpful-balancing/2.png  used on input line 158
.
(pdftex.def)             Requested size: 97.87581pt x 97.46057pt.
<images/helpful-balancing/3.png, id=600, 236.885pt x 235.88126pt>
File: images/helpful-balancing/3.png Graphic file (type png)
<use images/helpful-balancing/3.png>
Package pdftex.def Info: images/helpful-balancing/3.png  used on input line 163
.
(pdftex.def)             Requested size: 97.87581pt x 97.46057pt.

Overfull \hbox (2.61105pt too wide) in paragraph at lines 156--166
[]$[]$ $[]$ 
 []

<images/helpful-balancing/4.png, id=601, 236.885pt x 235.88126pt>
File: images/helpful-balancing/4.png Graphic file (type png)
<use images/helpful-balancing/4.png>
Package pdftex.def Info: images/helpful-balancing/4.png  used on input line 169
.
(pdftex.def)             Requested size: 97.87581pt x 97.46057pt.
<images/helpful-balancing/5.png, id=602, 236.885pt x 235.88126pt>
File: images/helpful-balancing/5.png Graphic file (type png)
<use images/helpful-balancing/5.png>
Package pdftex.def Info: images/helpful-balancing/5.png  used on input line 174
.
(pdftex.def)             Requested size: 97.87581pt x 97.46057pt.

Overfull \hbox (2.61105pt too wide) in paragraph at lines 167--178
[]$[]$ $[]$ 
 []

[23 <./images/helpful-balancing/1.png> <./images/helpful-balancing/2.png> <./im
ages/helpful-balancing/3.png> <./images/helpful-balancing/4.png> <./images/help
ful-balancing/5.png>]
<images/helpfulsets-sh/0.png, id=612, 235.88126pt x 235.88126pt>
File: images/helpfulsets-sh/0.png Graphic file (type png)
<use images/helpfulsets-sh/0.png>
Package pdftex.def Info: images/helpfulsets-sh/0.png  used on input line 185.
(pdftex.def)             Requested size: 97.87581pt x 97.8781pt.
<images/helpfulsets-sh/1.png, id=613, 235.88126pt x 235.88126pt>
File: images/helpfulsets-sh/1.png Graphic file (type png)
<use images/helpfulsets-sh/1.png>
Package pdftex.def Info: images/helpfulsets-sh/1.png  used on input line 191.
(pdftex.def)             Requested size: 97.87581pt x 97.8781pt.
<images/helpfulsets-sh/2.png, id=614, 235.88126pt x 235.88126pt>
File: images/helpfulsets-sh/2.png Graphic file (type png)
<use images/helpfulsets-sh/2.png>
Package pdftex.def Info: images/helpfulsets-sh/2.png  used on input line 196.
(pdftex.def)             Requested size: 97.87581pt x 97.8781pt.

Overfull \hbox (2.61105pt too wide) in paragraph at lines 189--199
[]$[]$ $[]$ 
 []

<images/helpfulsets-sh/3.png, id=615, 235.88126pt x 235.88126pt>
File: images/helpfulsets-sh/3.png Graphic file (type png)
<use images/helpfulsets-sh/3.png>
Package pdftex.def Info: images/helpfulsets-sh/3.png  used on input line 202.
(pdftex.def)             Requested size: 97.87581pt x 97.8781pt.
<images/helpfulsets-sh/4.png, id=616, 235.88126pt x 235.88126pt>
File: images/helpfulsets-sh/4.png Graphic file (type png)
<use images/helpfulsets-sh/4.png>
Package pdftex.def Info: images/helpfulsets-sh/4.png  used on input line 207.
(pdftex.def)             Requested size: 97.87581pt x 97.8781pt.

Overfull \hbox (2.61105pt too wide) in paragraph at lines 200--210
[]$[]$ $[]$ 
 []

<images/helpfulsets-sh/5.png, id=617, 235.88126pt x 235.88126pt>
File: images/helpfulsets-sh/5.png Graphic file (type png)
<use images/helpfulsets-sh/5.png>
Package pdftex.def Info: images/helpfulsets-sh/5.png  used on input line 213.
(pdftex.def)             Requested size: 97.87581pt x 97.8781pt.
<images/helpfulsets-sh/6.png, id=618, 235.88126pt x 235.88126pt>
File: images/helpfulsets-sh/6.png Graphic file (type png)
<use images/helpfulsets-sh/6.png>
Package pdftex.def Info: images/helpfulsets-sh/6.png  used on input line 218.
(pdftex.def)             Requested size: 97.87581pt x 97.8781pt.

Overfull \hbox (2.61105pt too wide) in paragraph at lines 211--221
[]$[]$ $[]$ 
 []

<images/helpfulsets-sh/7.png, id=619, 235.88126pt x 235.88126pt>
File: images/helpfulsets-sh/7.png Graphic file (type png)
<use images/helpfulsets-sh/7.png>
Package pdftex.def Info: images/helpfulsets-sh/7.png  used on input line 224.
(pdftex.def)             Requested size: 97.87581pt x 97.8781pt.
<images/helpfulsets-sh/8.png, id=620, 235.88126pt x 235.88126pt>
File: images/helpfulsets-sh/8.png Graphic file (type png)
<use images/helpfulsets-sh/8.png>
Package pdftex.def Info: images/helpfulsets-sh/8.png  used on input line 229.
(pdftex.def)             Requested size: 97.87581pt x 97.8781pt.

Overfull \hbox (2.61105pt too wide) in paragraph at lines 222--236
[]$[]$ $[]$ 
 []


LaTeX Warning: Float too large for page by 34.10728pt on input line 238.


LaTeX Warning: `h' float specifier changed to `ht'.

[24 <./images/helpfulsets-sh/0.png> <./images/helpfulsets-sh/1.png> <./images/h
elpfulsets-sh/2.png> <./images/helpfulsets-sh/3.png> <./images/helpfulsets-sh/4
.png> <./images/helpfulsets-sh/5.png> <./images/helpfulsets-sh/6.png> <./images
/helpfulsets-sh/7.png> <./images/helpfulsets-sh/8.png>]
Underfull \vbox (badness 10000) has occurred while \output is active []

 [25

])
[26]
(./chapters/05-algorithm/parts/07-uncoarsening_phase_building_helpfulsets.tex
<images/changing_helpful_values.png, id=664, 577.15625pt x 253.94875pt>
File: images/changing_helpful_values.png Graphic file (type png)
<use images/changing_helpful_values.png>
Package pdftex.def Info: images/changing_helpful_values.png  used on input line
 11.
(pdftex.def)             Requested size: 273.14925pt x 120.18903pt.

[27 <./images/changing_helpful_values.png>]
<images/building-helpfulsets/3.png, id=674, 235.88126pt x 234.8775pt>
File: images/building-helpfulsets/3.png Graphic file (type png)
<use images/building-helpfulsets/3.png>
Package pdftex.def Info: images/building-helpfulsets/3.png  used on input line 
38.
(pdftex.def)             Requested size: 101.97656pt x 101.54369pt.
<images/building-helpfulsets/4.png, id=675, 235.88126pt x 234.8775pt>
File: images/building-helpfulsets/4.png Graphic file (type png)
<use images/building-helpfulsets/4.png>
Package pdftex.def Info: images/building-helpfulsets/4.png  used on input line 
43.
(pdftex.def)             Requested size: 101.97656pt x 101.54369pt.
<images/building-helpfulsets/5.png, id=676, 235.88126pt x 234.8775pt>
File: images/building-helpfulsets/5.png Graphic file (type png)
<use images/building-helpfulsets/5.png>
Package pdftex.def Info: images/building-helpfulsets/5.png  used on input line 
48.
(pdftex.def)             Requested size: 101.97656pt x 101.54369pt.
) [28 <./images/building-helpfulsets/3.png> <./images/building-helpfulsets/4.pn
g> <./images/building-helpfulsets/5.png>]
(./chapters/05-algorithm/parts/08-uncoarsening_phase_searching_for_k_helpful_se
t.tex

Package hyperref Warning: Token not allowed in a PDF string (Unicode):
(hyperref)                removing `math shift' on input line 1.


Package hyperref Warning: Token not allowed in a PDF string (Unicode):
(hyperref)                removing `math shift' on input line 1.


Package hyperref Warning: Token not allowed in a PDF string (Unicode):
(hyperref)                removing `math shift' on input line 1.


Package hyperref Warning: Token not allowed in a PDF string (Unicode):
(hyperref)                removing `\geq' on input line 1.


Package hyperref Warning: Token not allowed in a PDF string (Unicode):
(hyperref)                removing `math shift' on input line 1.

<images/building-helpfulsets/1.png, id=689, 387.4475pt x 245.91875pt>
File: images/building-helpfulsets/1.png Graphic file (type png)
<use images/building-helpfulsets/1.png>
Package pdftex.def Info: images/building-helpfulsets/1.png  used on input line 
25.
(pdftex.def)             Requested size: 182.09833pt x 115.58182pt.
<images/building-helpfulsets/2.png, id=690, 460.72125pt x 245.91875pt>
File: images/building-helpfulsets/2.png Graphic file (type png)
<use images/building-helpfulsets/2.png>
Package pdftex.def Info: images/building-helpfulsets/2.png  used on input line 
30.
(pdftex.def)             Requested size: 182.09833pt x 97.19499pt.

Overfull \hbox (2.61105pt too wide) in paragraph at lines 23--35
[]$[]$ $[]$ 
 []

) [29 <./images/building-helpfulsets/1.png> <./images/building-helpfulsets/2.pn
g>]
(./chapters/05-algorithm/parts/09-uncoarsening_phase_building_balancing_sets.te
x
File: images/helpful-balancing/3.png Graphic file (type png)
<use images/helpful-balancing/3.png>
Package pdftex.def Info: images/helpful-balancing/3.png  used on input line 21.

(pdftex.def)             Requested size: 101.97656pt x 101.54213pt.
<images/helpful-balancing/6.png, id=700, 236.885pt x 235.88126pt>
File: images/helpful-balancing/6.png Graphic file (type png)
<use images/helpful-balancing/6.png>
Package pdftex.def Info: images/helpful-balancing/6.png  used on input line 26.

(pdftex.def)             Requested size: 101.97656pt x 101.54213pt.
File: images/helpful-balancing/4.png Graphic file (type png)
<use images/helpful-balancing/4.png>
Package pdftex.def Info: images/helpful-balancing/4.png  used on input line 31.

(pdftex.def)             Requested size: 101.97656pt x 101.54213pt.
<images/0-helpful-sets.png, id=703, 612.2875pt x 98.3675pt>
File: images/0-helpful-sets.png Graphic file (type png)
<use images/0-helpful-sets.png>
Package pdftex.def Info: images/0-helpful-sets.png  used on input line 64.
(pdftex.def)             Requested size: 432.48053pt x 69.47966pt.
 [30 <./images/helpful-balancing/6.png>]
<images/phase2.png, id=714, 770.88pt x 378.41376pt>
File: images/phase2.png Graphic file (type png)
<use images/phase2.png>
Package pdftex.def Info: images/phase2.png  used on input line 97.
(pdftex.def)             Requested size: 295.9059pt x 145.2538pt.
 [31 <./images/0-helpful-sets.png> <./images/phase2.png>]

Package caption Warning: The option `hypcap=true' will be ignored for this
(caption)                particular \caption on input line 130.
See the caption package documentation for explanation.

[32]) (./chapters/05-algorithm/parts/10-balalncing.tex [33]
<images/fields-balacing/1.png, id=767, 237.88875pt x 234.8775pt>
File: images/fields-balacing/1.png Graphic file (type png)
<use images/fields-balacing/1.png>
Package pdftex.def Info: images/fields-balacing/1.png  used on input line 31.
(pdftex.def)             Requested size: 97.87581pt x 96.63728pt.
<images/fields-balacing/2.png, id=768, 237.88875pt x 234.8775pt>
File: images/fields-balacing/2.png Graphic file (type png)
<use images/fields-balacing/2.png>
Package pdftex.def Info: images/fields-balacing/2.png  used on input line 36.
(pdftex.def)             Requested size: 97.87581pt x 96.63728pt.

Overfull \hbox (2.61105pt too wide) in paragraph at lines 29--39
[]$[]$ $[]$ 
 []

<images/fields-balacing/3.png, id=769, 237.88875pt x 234.8775pt>
File: images/fields-balacing/3.png Graphic file (type png)
<use images/fields-balacing/3.png>
Package pdftex.def Info: images/fields-balacing/3.png  used on input line 42.
(pdftex.def)             Requested size: 97.87581pt x 96.63728pt.
<images/fields-balacing/4.png, id=770, 237.88875pt x 234.8775pt>
File: images/fields-balacing/4.png Graphic file (type png)
<use images/fields-balacing/4.png>
Package pdftex.def Info: images/fields-balacing/4.png  used on input line 47.
(pdftex.def)             Requested size: 97.87581pt x 96.63728pt.

Overfull \hbox (2.61105pt too wide) in paragraph at lines 40--50
[]$[]$ $[]$ 
 []

<images/fields-balacing/5.png, id=771, 237.88875pt x 234.8775pt>
File: images/fields-balacing/5.png Graphic file (type png)
<use images/fields-balacing/5.png>
Package pdftex.def Info: images/fields-balacing/5.png  used on input line 53.
(pdftex.def)             Requested size: 97.87581pt x 96.63728pt.
<images/fields-balacing/6.png, id=772, 237.88875pt x 234.8775pt>
File: images/fields-balacing/6.png Graphic file (type png)
<use images/fields-balacing/6.png>
Package pdftex.def Info: images/fields-balacing/6.png  used on input line 58.
(pdftex.def)             Requested size: 97.87581pt x 96.63728pt.

Overfull \hbox (2.61105pt too wide) in paragraph at lines 51--63
[]$[]$ $[]$ 
 []

[34 <./images/fields-balacing/1.png> <./images/fields-balacing/2.png> <./images
/fields-balacing/3.png> <./images/fields-balacing/4.png> <./images/fields-balac
ing/5.png> <./images/fields-balacing/6.png>])
(./chapters/05-algorithm/parts/11-denosing.tex
<images/noises/1.png, id=788, 314.17375pt x 312.16624pt>
File: images/noises/1.png Graphic file (type png)
<use images/noises/1.png>
Package pdftex.def Info: images/noises/1.png  used on input line 10.
(pdftex.def)             Requested size: 136.57462pt x 135.70071pt.
<images/noises/2.png, id=789, 314.17375pt x 312.16624pt>
File: images/noises/2.png Graphic file (type png)
<use images/noises/2.png>
Package pdftex.def Info: images/noises/2.png  used on input line 15.
(pdftex.def)             Requested size: 136.57462pt x 135.70071pt.

Overfull \hbox (2.61105pt too wide) in paragraph at lines 8--19
[]$[]$ $[]$ 
 []

<images/noises/3.png, id=790, 501.875pt x 497.86pt>
File: images/noises/3.png Graphic file (type png)
<use images/noises/3.png>
Package pdftex.def Info: images/noises/3.png  used on input line 27.
(pdftex.def)             Requested size: 136.57462pt x 135.47993pt.

LaTeX Warning: `h' float specifier changed to `ht'.

[35 <./images/noises/1.png> <./images/noises/2.png>])
Underfull \vbox (badness 10000) has occurred while \output is active []

 [36 <./images/noises/3.png>] [37]

Package hyperref Warning: Token not allowed in a PDF string (Unicode):
(hyperref)                removing `math shift' on input line 27.


Package hyperref Warning: Token not allowed in a PDF string (Unicode):
(hyperref)                removing `math shift' on input line 27.

(./chapters/05-algorithm/parts/12-shrinking_graph.tex
<images/m/1.png, id=810, 532.99126pt x 273.02pt>
File: images/m/1.png Graphic file (type png)
<use images/m/1.png>
Package pdftex.def Info: images/m/1.png  used on input line 13.
(pdftex.def)             Requested size: 182.09833pt x 93.27548pt.
<images/m/2.png, id=811, 532.99126pt x 273.02pt>
File: images/m/2.png Graphic file (type png)
<use images/m/2.png>
Package pdftex.def Info: images/m/2.png  used on input line 18.
(pdftex.def)             Requested size: 182.09833pt x 93.27548pt.
 [38 <./images/m/1.png> <./images/m/2.png>]
<images/m/3.png, id=822, 532.99126pt x 273.02pt>
File: images/m/3.png Graphic file (type png)
<use images/m/3.png>
Package pdftex.def Info: images/m/3.png  used on input line 77.
(pdftex.def)             Requested size: 182.09833pt x 93.27548pt.
<images/m/4.png, id=823, 532.99126pt x 273.02pt>
File: images/m/4.png Graphic file (type png)
<use images/m/4.png>
Package pdftex.def Info: images/m/4.png  used on input line 82.
(pdftex.def)             Requested size: 182.09833pt x 93.27548pt.
)) (./chapters/99-bibliography/main.tex [39 <./images/m/3.png> <./images/m/4.pn
g>]
(/Users/kuba/Workspace/Latex/grid-partitioning-thesis/out/main.bbl [40]
[41]
Underfull \hbox (badness 10000) in paragraph at lines 196--202
\T1/lmtt/m/n/12 wikipedia . org / w / index . php ? title = Graph % 20embedding
 & oldid = 1019397582$[]\T1/lmr/m/n/12 ,
 []


Underfull \hbox (badness 2359) in paragraph at lines 204--211
[]\T1/lmr/m/n/12 Wikipedia.  Sko-ja-rze-nie (teo-ria gra-fw) --- Wi-ki-pe-dia,
 the free en-cyc-lo-pe-
 []

)) [42] (/Users/kuba/Workspace/Latex/grid-partitioning-thesis/out/main.aux)
Package rerunfilecheck Info: File `main.out' has not changed.
(rerunfilecheck)             Checksum: 549FE9DA71779BDFE8B0F8D5257F9CB0;5687.
 ) 
Here is how much of TeX's memory you used:
 28787 strings out of 478994
 523288 string characters out of 5858185
 1464839 words of memory out of 5000000
 45292 multiletter control sequences out of 15000+600000
 467521 words of font info for 81 fonts, out of 8000000 for 9000
 1141 hyphenation exceptions out of 8191
 91i,12n,91p,1330b,1894s stack positions out of 5000i,500n,10000p,200000b,80000s
{/usr/local/texlive/2021/texmf-dist/fonts/enc/dvips/lm/lm-rm.enc}{/usr/local/
texlive/2021/texmf-dist/fonts/enc/dvips/lm/lm-ec.enc}{/usr/local/texlive/2021/t
exmf-dist/fonts/enc/dvips/lm/lm-mathex.enc}{/usr/local/texlive/2021/texmf-dist/
fonts/enc/dvips/lm/lm-mathit.enc}{/usr/local/texlive/2021/texmf-dist/fonts/enc/
dvips/lm/lm-mathsy.enc}{/usr/local/texlive/2021/texmf-dist/fonts/enc/dvips/lm/l
m-ts1.enc}</usr/local/texlive/2021/texmf-dist/fonts/type1/public/lm/lmbx12.pfb>
</usr/local/texlive/2021/texmf-dist/fonts/type1/public/lm/lmbxi10.pfb></usr/loc
al/texlive/2021/texmf-dist/fonts/type1/public/lm/lmex10.pfb></usr/local/texlive
/2021/texmf-dist/fonts/type1/public/lm/lmmi10.pfb></usr/local/texlive/2021/texm
f-dist/fonts/type1/public/lm/lmmi12.pfb></usr/local/texlive/2021/texmf-dist/fon
ts/type1/public/lm/lmmi6.pfb></usr/local/texlive/2021/texmf-dist/fonts/type1/pu
blic/lm/lmmi7.pfb></usr/local/texlive/2021/texmf-dist/fonts/type1/public/lm/lmm
i8.pfb></usr/local/texlive/2021/texmf-dist/fonts/type1/public/lm/lmr10.pfb></us
r/local/texlive/2021/texmf-dist/fonts/type1/public/lm/lmr12.pfb></usr/local/tex
live/2021/texmf-dist/fonts/type1/public/lm/lmr6.pfb></usr/local/texlive/2021/te
xmf-dist/fonts/type1/public/lm/lmr7.pfb></usr/local/texlive/2021/texmf-dist/fon
ts/type1/public/lm/lmr8.pfb></usr/local/texlive/2021/texmf-dist/fonts/type1/pub
lic/lm/lmri12.pfb></usr/local/texlive/2021/texmf-dist/fonts/type1/public/lm/lms
y10.pfb></usr/local/texlive/2021/texmf-dist/fonts/type1/public/lm/lmsy7.pfb></u
sr/local/texlive/2021/texmf-dist/fonts/type1/public/lm/lmsy8.pfb></usr/local/te
xlive/2021/texmf-dist/fonts/type1/public/lm/lmtt10.pfb></usr/local/texlive/2021
/texmf-dist/fonts/type1/public/lm/lmtt12.pfb>
Output written on /Users/kuba/Workspace/Latex/grid-partitioning-thesis/out/main
.pdf (42 pages, 5276814 bytes).
PDF statistics:
 984 PDF objects out of 1000 (max. 8388607)
 746 compressed objects within 8 object streams
 300 named destinations out of 1000 (max. 500000)
 562 words of extra memory for PDF output out of 10000 (max. 10000000)

